{"C:\\Users\\Admin\\source\\repos\\paradise-hotel-frontend\\src\\App.tsx": {"path":"C:\\Users\\Admin\\source\\repos\\paradise-hotel-frontend\\src\\App.tsx","all":true,"statementMap":{"0":{"start":{"line":1,"column":0},"end":{"line":1,"column":49}},"1":{"start":{"line":2,"column":0},"end":{"line":2,"column":58}},"2":{"start":{"line":3,"column":0},"end":{"line":3,"column":98}},"3":{"start":{"line":4,"column":0},"end":{"line":4,"column":44}},"4":{"start":{"line":5,"column":0},"end":{"line":5,"column":46}},"5":{"start":{"line":6,"column":0},"end":{"line":6,"column":46}},"6":{"start":{"line":7,"column":0},"end":{"line":7,"column":52}},"7":{"start":{"line":8,"column":0},"end":{"line":8,"column":58}},"8":{"start":{"line":9,"column":0},"end":{"line":9,"column":64}},"9":{"start":{"line":10,"column":0},"end":{"line":10,"column":70}},"10":{"start":{"line":11,"column":0},"end":{"line":11,"column":76}},"11":{"start":{"line":12,"column":0},"end":{"line":12,"column":70}},"12":{"start":{"line":13,"column":0},"end":{"line":13,"column":52}},"14":{"start":{"line":15,"column":0},"end":{"line":15,"column":31}},"15":{"start":{"line":16,"column":0},"end":{"line":16,"column":10}},"16":{"start":{"line":17,"column":0},"end":{"line":17,"column":12}},"17":{"start":{"line":18,"column":0},"end":{"line":18,"column":37}},"18":{"start":{"line":19,"column":0},"end":{"line":19,"column":49}},"19":{"start":{"line":20,"column":0},"end":{"line":20,"column":55}},"20":{"start":{"line":21,"column":0},"end":{"line":21,"column":62}},"21":{"start":{"line":22,"column":0},"end":{"line":22,"column":14}},"22":{"start":{"line":23,"column":0},"end":{"line":23,"column":23}},"23":{"start":{"line":24,"column":0},"end":{"line":24,"column":19}},"24":{"start":{"line":25,"column":0},"end":{"line":25,"column":29}},"25":{"start":{"line":26,"column":0},"end":{"line":26,"column":27}},"26":{"start":{"line":27,"column":0},"end":{"line":27,"column":30}},"28":{"start":{"line":29,"column":0},"end":{"line":29,"column":10}},"29":{"start":{"line":30,"column":0},"end":{"line":30,"column":14}},"30":{"start":{"line":31,"column":0},"end":{"line":31,"column":26}},"31":{"start":{"line":32,"column":0},"end":{"line":32,"column":19}},"32":{"start":{"line":33,"column":0},"end":{"line":33,"column":29}},"33":{"start":{"line":34,"column":0},"end":{"line":34,"column":30}},"34":{"start":{"line":35,"column":0},"end":{"line":35,"column":30}},"36":{"start":{"line":37,"column":0},"end":{"line":37,"column":10}},"37":{"start":{"line":38,"column":0},"end":{"line":38,"column":14}},"38":{"start":{"line":39,"column":0},"end":{"line":39,"column":30}},"39":{"start":{"line":40,"column":0},"end":{"line":40,"column":19}},"40":{"start":{"line":41,"column":0},"end":{"line":41,"column":28}},"41":{"start":{"line":42,"column":0},"end":{"line":42,"column":36}},"42":{"start":{"line":43,"column":0},"end":{"line":43,"column":29}},"44":{"start":{"line":45,"column":0},"end":{"line":45,"column":10}},"45":{"start":{"line":46,"column":0},"end":{"line":46,"column":14}},"46":{"start":{"line":47,"column":0},"end":{"line":47,"column":33}},"47":{"start":{"line":48,"column":0},"end":{"line":48,"column":19}},"48":{"start":{"line":49,"column":0},"end":{"line":49,"column":24}},"49":{"start":{"line":50,"column":0},"end":{"line":50,"column":36}},"50":{"start":{"line":51,"column":0},"end":{"line":51,"column":25}},"52":{"start":{"line":53,"column":0},"end":{"line":53,"column":10}},"53":{"start":{"line":54,"column":0},"end":{"line":54,"column":14}},"54":{"start":{"line":55,"column":0},"end":{"line":55,"column":36}},"55":{"start":{"line":56,"column":0},"end":{"line":56,"column":19}},"56":{"start":{"line":57,"column":0},"end":{"line":57,"column":24}},"57":{"start":{"line":58,"column":0},"end":{"line":58,"column":39}},"58":{"start":{"line":59,"column":0},"end":{"line":59,"column":25}},"60":{"start":{"line":61,"column":0},"end":{"line":61,"column":10}},"61":{"start":{"line":62,"column":0},"end":{"line":62,"column":14}},"62":{"start":{"line":63,"column":0},"end":{"line":63,"column":33}},"63":{"start":{"line":64,"column":0},"end":{"line":64,"column":19}},"64":{"start":{"line":65,"column":0},"end":{"line":65,"column":24}},"65":{"start":{"line":66,"column":0},"end":{"line":66,"column":36}},"66":{"start":{"line":67,"column":0},"end":{"line":67,"column":25}},"68":{"start":{"line":69,"column":0},"end":{"line":69,"column":10}},"69":{"start":{"line":70,"column":0},"end":{"line":70,"column":53}},"70":{"start":{"line":71,"column":0},"end":{"line":71,"column":14}},"71":{"start":{"line":72,"column":0},"end":{"line":72,"column":13}},"73":{"start":{"line":74,"column":0},"end":{"line":74,"column":1}}},"s":{"0":0,"1":0,"2":0,"3":0,"4":0,"5":0,"6":0,"7":0,"8":0,"9":0,"10":0,"11":0,"12":0,"14":0,"15":0,"16":0,"17":0,"18":0,"19":0,"20":0,"21":0,"22":0,"23":0,"24":0,"25":0,"26":0,"28":0,"29":0,"30":0,"31":0,"32":0,"33":0,"34":0,"36":0,"37":0,"38":0,"39":0,"40":0,"41":0,"42":0,"44":0,"45":0,"46":0,"47":0,"48":0,"49":0,"50":0,"52":0,"53":0,"54":0,"55":0,"56":0,"57":0,"58":0,"60":0,"61":0,"62":0,"63":0,"64":0,"65":0,"66":0,"68":0,"69":0,"70":0,"71":0,"73":0},"branchMap":{"0":{"type":"branch","line":1,"loc":{"start":{"line":1,"column":2228},"end":{"line":74,"column":1}},"locations":[{"start":{"line":1,"column":2228},"end":{"line":74,"column":1}}]}},"b":{"0":[0]},"fnMap":{"0":{"name":"(empty-report)","decl":{"start":{"line":1,"column":2228},"end":{"line":74,"column":1}},"loc":{"start":{"line":1,"column":2228},"end":{"line":74,"column":1}},"line":1}},"f":{"0":0}}
,"C:\\Users\\Admin\\source\\repos\\paradise-hotel-frontend\\src\\main.tsx": {"path":"C:\\Users\\Admin\\source\\repos\\paradise-hotel-frontend\\src\\main.tsx","all":true,"statementMap":{"0":{"start":{"line":1,"column":0},"end":{"line":1,"column":26}},"1":{"start":{"line":2,"column":0},"end":{"line":2,"column":40}},"2":{"start":{"line":3,"column":0},"end":{"line":3,"column":49}},"3":{"start":{"line":4,"column":0},"end":{"line":4,"column":24}},"4":{"start":{"line":5,"column":0},"end":{"line":5,"column":53}},"5":{"start":{"line":6,"column":0},"end":{"line":6,"column":22}},"7":{"start":{"line":8,"column":0},"end":{"line":8,"column":61}},"8":{"start":{"line":9,"column":0},"end":{"line":9,"column":20}},"9":{"start":{"line":10,"column":0},"end":{"line":10,"column":19}},"10":{"start":{"line":11,"column":0},"end":{"line":11,"column":20}},"11":{"start":{"line":12,"column":0},"end":{"line":12,"column":15}},"12":{"start":{"line":13,"column":0},"end":{"line":13,"column":21}},"13":{"start":{"line":14,"column":0},"end":{"line":14,"column":20}},"14":{"start":{"line":15,"column":0},"end":{"line":15,"column":22}},"15":{"start":{"line":16,"column":0},"end":{"line":16,"column":2}}},"s":{"0":0,"1":0,"2":0,"3":0,"4":0,"5":0,"7":0,"8":0,"9":0,"10":0,"11":0,"12":0,"13":0,"14":0,"15":0},"branchMap":{"0":{"type":"branch","line":1,"loc":{"start":{"line":1,"column":353},"end":{"line":16,"column":-310}},"locations":[{"start":{"line":1,"column":353},"end":{"line":16,"column":-310}}]}},"b":{"0":[0]},"fnMap":{"0":{"name":"(empty-report)","decl":{"start":{"line":1,"column":353},"end":{"line":16,"column":-310}},"loc":{"start":{"line":1,"column":353},"end":{"line":16,"column":-310}},"line":1}},"f":{"0":0}}
,"C:\\Users\\Admin\\source\\repos\\paradise-hotel-frontend\\src\\api\\adminApi.ts": {"path":"C:\\Users\\Admin\\source\\repos\\paradise-hotel-frontend\\src\\api\\adminApi.ts","all":false,"statementMap":{"0":{"start":{"line":1,"column":0},"end":{"line":1,"column":31}},"5":{"start":{"line":6,"column":0},"end":{"line":6,"column":25}},"6":{"start":{"line":7,"column":0},"end":{"line":7,"column":49}},"7":{"start":{"line":8,"column":0},"end":{"line":8,"column":59}},"8":{"start":{"line":9,"column":0},"end":{"line":9,"column":16}},"9":{"start":{"line":10,"column":0},"end":{"line":10,"column":4}},"10":{"start":{"line":11,"column":0},"end":{"line":11,"column":66}},"11":{"start":{"line":12,"column":0},"end":{"line":12,"column":62}},"12":{"start":{"line":13,"column":0},"end":{"line":13,"column":16}},"13":{"start":{"line":14,"column":0},"end":{"line":14,"column":4}},"14":{"start":{"line":15,"column":0},"end":{"line":15,"column":57}},"15":{"start":{"line":16,"column":0},"end":{"line":16,"column":59}},"16":{"start":{"line":17,"column":0},"end":{"line":17,"column":16}},"17":{"start":{"line":18,"column":0},"end":{"line":18,"column":4}},"18":{"start":{"line":19,"column":0},"end":{"line":19,"column":50}},"19":{"start":{"line":20,"column":0},"end":{"line":20,"column":69}},"20":{"start":{"line":21,"column":0},"end":{"line":21,"column":16}},"21":{"start":{"line":22,"column":0},"end":{"line":22,"column":4}},"22":{"start":{"line":23,"column":0},"end":{"line":23,"column":62}},"23":{"start":{"line":24,"column":0},"end":{"line":24,"column":74}},"24":{"start":{"line":25,"column":0},"end":{"line":25,"column":16}},"25":{"start":{"line":26,"column":0},"end":{"line":26,"column":4}},"26":{"start":{"line":27,"column":0},"end":{"line":27,"column":36}},"27":{"start":{"line":28,"column":0},"end":{"line":28,"column":68}},"28":{"start":{"line":29,"column":0},"end":{"line":29,"column":16}},"29":{"start":{"line":30,"column":0},"end":{"line":30,"column":4}},"30":{"start":{"line":31,"column":0},"end":{"line":31,"column":2}}},"s":{"0":1,"5":1,"6":1,"7":3,"8":0,"9":3,"10":1,"11":3,"12":0,"13":3,"14":1,"15":3,"16":0,"17":3,"18":1,"19":0,"20":0,"21":0,"22":1,"23":0,"24":0,"25":0,"26":1,"27":0,"28":0,"29":0,"30":1},"branchMap":{"0":{"type":"branch","line":7,"loc":{"start":{"line":7,"column":2},"end":{"line":10,"column":4}},"locations":[{"start":{"line":7,"column":2},"end":{"line":10,"column":4}}]},"1":{"type":"branch","line":8,"loc":{"start":{"line":8,"column":57},"end":{"line":9,"column":16}},"locations":[{"start":{"line":8,"column":57},"end":{"line":9,"column":16}}]},"2":{"type":"branch","line":11,"loc":{"start":{"line":11,"column":2},"end":{"line":14,"column":4}},"locations":[{"start":{"line":11,"column":2},"end":{"line":14,"column":4}}]},"3":{"type":"branch","line":12,"loc":{"start":{"line":12,"column":60},"end":{"line":13,"column":16}},"locations":[{"start":{"line":12,"column":60},"end":{"line":13,"column":16}}]},"4":{"type":"branch","line":15,"loc":{"start":{"line":15,"column":2},"end":{"line":18,"column":4}},"locations":[{"start":{"line":15,"column":2},"end":{"line":18,"column":4}}]},"5":{"type":"branch","line":16,"loc":{"start":{"line":16,"column":57},"end":{"line":17,"column":16}},"locations":[{"start":{"line":16,"column":57},"end":{"line":17,"column":16}}]}},"b":{"0":[3],"1":[0],"2":[3],"3":[0],"4":[3],"5":[0]},"fnMap":{"0":{"name":"dashboard","decl":{"start":{"line":7,"column":2},"end":{"line":10,"column":4}},"loc":{"start":{"line":7,"column":2},"end":{"line":10,"column":4}},"line":7},"1":{"name":"reservations","decl":{"start":{"line":11,"column":2},"end":{"line":14,"column":4}},"loc":{"start":{"line":11,"column":2},"end":{"line":14,"column":4}},"line":11},"2":{"name":"locations","decl":{"start":{"line":15,"column":2},"end":{"line":18,"column":4}},"loc":{"start":{"line":15,"column":2},"end":{"line":18,"column":4}},"line":15},"3":{"name":"createLocation","decl":{"start":{"line":19,"column":2},"end":{"line":22,"column":4}},"loc":{"start":{"line":19,"column":2},"end":{"line":22,"column":4}},"line":19},"4":{"name":"updateLocation","decl":{"start":{"line":23,"column":2},"end":{"line":26,"column":4}},"loc":{"start":{"line":23,"column":2},"end":{"line":26,"column":4}},"line":23},"5":{"name":"deleteLocation","decl":{"start":{"line":27,"column":2},"end":{"line":30,"column":4}},"loc":{"start":{"line":27,"column":2},"end":{"line":30,"column":4}},"line":27}},"f":{"0":3,"1":3,"2":3,"3":0,"4":0,"5":0}}
,"C:\\Users\\Admin\\source\\repos\\paradise-hotel-frontend\\src\\api\\authApi.ts": {"path":"C:\\Users\\Admin\\source\\repos\\paradise-hotel-frontend\\src\\api\\authApi.ts","all":true,"statementMap":{"0":{"start":{"line":1,"column":0},"end":{"line":1,"column":31}},"3":{"start":{"line":4,"column":0},"end":{"line":4,"column":24}},"4":{"start":{"line":5,"column":0},"end":{"line":5,"column":44}},"5":{"start":{"line":6,"column":0},"end":{"line":6,"column":67}},"6":{"start":{"line":7,"column":0},"end":{"line":7,"column":16}},"7":{"start":{"line":8,"column":0},"end":{"line":8,"column":4}},"8":{"start":{"line":9,"column":0},"end":{"line":9,"column":62}},"9":{"start":{"line":10,"column":0},"end":{"line":10,"column":64}},"10":{"start":{"line":11,"column":0},"end":{"line":11,"column":16}},"11":{"start":{"line":12,"column":0},"end":{"line":12,"column":4}},"12":{"start":{"line":13,"column":0},"end":{"line":13,"column":39}},"13":{"start":{"line":14,"column":0},"end":{"line":14,"column":51}},"14":{"start":{"line":15,"column":0},"end":{"line":15,"column":16}},"15":{"start":{"line":16,"column":0},"end":{"line":16,"column":4}},"16":{"start":{"line":17,"column":0},"end":{"line":17,"column":2}}},"s":{"0":0,"3":0,"4":0,"5":0,"6":0,"7":0,"8":0,"9":0,"10":0,"11":0,"12":0,"13":0,"14":0,"15":0,"16":0},"branchMap":{"0":{"type":"branch","line":1,"loc":{"start":{"line":1,"column":548},"end":{"line":17,"column":2}},"locations":[{"start":{"line":1,"column":548},"end":{"line":17,"column":2}}]}},"b":{"0":[0]},"fnMap":{"0":{"name":"(empty-report)","decl":{"start":{"line":1,"column":548},"end":{"line":17,"column":2}},"loc":{"start":{"line":1,"column":548},"end":{"line":17,"column":2}},"line":1}},"f":{"0":0}}
,"C:\\Users\\Admin\\source\\repos\\paradise-hotel-frontend\\src\\api\\client.ts": {"path":"C:\\Users\\Admin\\source\\repos\\paradise-hotel-frontend\\src\\api\\client.ts","all":false,"statementMap":{"0":{"start":{"line":1,"column":0},"end":{"line":1,"column":26}},"1":{"start":{"line":2,"column":0},"end":{"line":2,"column":43}},"3":{"start":{"line":4,"column":0},"end":{"line":4,"column":33}},"4":{"start":{"line":5,"column":0},"end":{"line":5,"column":67}},"5":{"start":{"line":6,"column":0},"end":{"line":6,"column":3}},"7":{"start":{"line":8,"column":0},"end":{"line":8,"column":42}},"8":{"start":{"line":9,"column":0},"end":{"line":9,"column":35}},"9":{"start":{"line":10,"column":0},"end":{"line":10,"column":14}},"10":{"start":{"line":11,"column":0},"end":{"line":11,"column":53}},"11":{"start":{"line":12,"column":0},"end":{"line":12,"column":3}},"12":{"start":{"line":13,"column":0},"end":{"line":13,"column":16}},"13":{"start":{"line":14,"column":0},"end":{"line":14,"column":3}}},"s":{"0":1,"1":1,"3":1,"4":1,"5":1,"7":1,"8":9,"9":9,"10":0,"11":0,"12":9,"13":9},"branchMap":{"0":{"type":"branch","line":8,"loc":{"start":{"line":8,"column":29},"end":{"line":14,"column":3}},"locations":[{"start":{"line":8,"column":29},"end":{"line":14,"column":3}}]},"1":{"type":"branch","line":10,"loc":{"start":{"line":10,"column":13},"end":{"line":12,"column":3}},"locations":[{"start":{"line":10,"column":13},"end":{"line":12,"column":3}}]}},"b":{"0":[9],"1":[0]},"fnMap":{},"f":{}}
,"C:\\Users\\Admin\\source\\repos\\paradise-hotel-frontend\\src\\api\\reservationsApi.ts": {"path":"C:\\Users\\Admin\\source\\repos\\paradise-hotel-frontend\\src\\api\\reservationsApi.ts","all":false,"statementMap":{"0":{"start":{"line":1,"column":0},"end":{"line":1,"column":31}},"3":{"start":{"line":4,"column":0},"end":{"line":4,"column":32}},"4":{"start":{"line":5,"column":0},"end":{"line":5,"column":45}},"5":{"start":{"line":6,"column":0},"end":{"line":6,"column":66}},"6":{"start":{"line":7,"column":0},"end":{"line":7,"column":16}},"7":{"start":{"line":8,"column":0},"end":{"line":8,"column":4}},"8":{"start":{"line":9,"column":0},"end":{"line":9,"column":58}},"9":{"start":{"line":10,"column":0},"end":{"line":10,"column":59}},"10":{"start":{"line":11,"column":0},"end":{"line":11,"column":16}},"11":{"start":{"line":12,"column":0},"end":{"line":12,"column":4}},"12":{"start":{"line":13,"column":0},"end":{"line":13,"column":28}},"13":{"start":{"line":14,"column":0},"end":{"line":14,"column":65}},"14":{"start":{"line":15,"column":0},"end":{"line":15,"column":16}},"15":{"start":{"line":16,"column":0},"end":{"line":16,"column":4}},"16":{"start":{"line":17,"column":0},"end":{"line":17,"column":2}}},"s":{"0":1,"3":1,"4":1,"5":0,"6":0,"7":0,"8":1,"9":4,"10":4,"11":4,"12":1,"13":1,"14":1,"15":1,"16":1},"branchMap":{"0":{"type":"branch","line":9,"loc":{"start":{"line":9,"column":2},"end":{"line":12,"column":4}},"locations":[{"start":{"line":9,"column":2},"end":{"line":12,"column":4}}]},"1":{"type":"branch","line":13,"loc":{"start":{"line":13,"column":2},"end":{"line":16,"column":4}},"locations":[{"start":{"line":13,"column":2},"end":{"line":16,"column":4}}]}},"b":{"0":[4],"1":[1]},"fnMap":{"0":{"name":"create","decl":{"start":{"line":5,"column":2},"end":{"line":8,"column":4}},"loc":{"start":{"line":5,"column":2},"end":{"line":8,"column":4}},"line":5},"1":{"name":"mine","decl":{"start":{"line":9,"column":2},"end":{"line":12,"column":4}},"loc":{"start":{"line":9,"column":2},"end":{"line":12,"column":4}},"line":9},"2":{"name":"cancel","decl":{"start":{"line":13,"column":2},"end":{"line":16,"column":4}},"loc":{"start":{"line":13,"column":2},"end":{"line":16,"column":4}},"line":13}},"f":{"0":0,"1":4,"2":1}}
,"C:\\Users\\Admin\\source\\repos\\paradise-hotel-frontend\\src\\api\\roomsApi.ts": {"path":"C:\\Users\\Admin\\source\\repos\\paradise-hotel-frontend\\src\\api\\roomsApi.ts","all":false,"statementMap":{"0":{"start":{"line":1,"column":0},"end":{"line":1,"column":31}},"4":{"start":{"line":5,"column":0},"end":{"line":5,"column":25}},"5":{"start":{"line":6,"column":0},"end":{"line":6,"column":72}},"6":{"start":{"line":7,"column":0},"end":{"line":7,"column":83}},"7":{"start":{"line":8,"column":0},"end":{"line":8,"column":16}},"8":{"start":{"line":9,"column":0},"end":{"line":9,"column":4}},"9":{"start":{"line":10,"column":0},"end":{"line":10,"column":91}},"10":{"start":{"line":11,"column":0},"end":{"line":11,"column":65}},"11":{"start":{"line":12,"column":0},"end":{"line":12,"column":16}},"12":{"start":{"line":13,"column":0},"end":{"line":13,"column":4}},"13":{"start":{"line":14,"column":0},"end":{"line":14,"column":2}}},"s":{"0":1,"4":1,"5":1,"6":0,"7":0,"8":0,"9":1,"10":0,"11":0,"12":0,"13":1},"branchMap":{},"b":{},"fnMap":{"0":{"name":"search","decl":{"start":{"line":6,"column":2},"end":{"line":9,"column":4}},"loc":{"start":{"line":6,"column":2},"end":{"line":9,"column":4}},"line":6},"1":{"name":"locations","decl":{"start":{"line":10,"column":2},"end":{"line":13,"column":4}},"loc":{"start":{"line":10,"column":2},"end":{"line":13,"column":4}},"line":10}},"f":{"0":0,"1":0}}
,"C:\\Users\\Admin\\source\\repos\\paradise-hotel-frontend\\src\\components\\admin\\LocationsForm.tsx": {"path":"C:\\Users\\Admin\\source\\repos\\paradise-hotel-frontend\\src\\components\\admin\\LocationsForm.tsx","all":false,"statementMap":{"0":{"start":{"line":1,"column":0},"end":{"line":1,"column":44}},"3":{"start":{"line":4,"column":0},"end":{"line":4,"column":36}},"4":{"start":{"line":5,"column":0},"end":{"line":5,"column":11}},"5":{"start":{"line":6,"column":0},"end":{"line":6,"column":11}},"6":{"start":{"line":7,"column":0},"end":{"line":7,"column":14}},"7":{"start":{"line":8,"column":0},"end":{"line":8,"column":18}},"8":{"start":{"line":9,"column":0},"end":{"line":9,"column":12}},"9":{"start":{"line":10,"column":0},"end":{"line":10,"column":24}},"10":{"start":{"line":11,"column":0},"end":{"line":11,"column":27}},"11":{"start":{"line":12,"column":0},"end":{"line":12,"column":15}},"12":{"start":{"line":13,"column":0},"end":{"line":13,"column":2}},"14":{"start":{"line":15,"column":0},"end":{"line":15,"column":172}},"15":{"start":{"line":16,"column":0},"end":{"line":16,"column":67}},"16":{"start":{"line":17,"column":0},"end":{"line":17,"column":41}},"18":{"start":{"line":19,"column":0},"end":{"line":19,"column":19}},"19":{"start":{"line":20,"column":0},"end":{"line":20,"column":23}},"20":{"start":{"line":21,"column":0},"end":{"line":21,"column":17}},"21":{"start":{"line":22,"column":0},"end":{"line":22,"column":32}},"22":{"start":{"line":23,"column":0},"end":{"line":23,"column":32}},"23":{"start":{"line":24,"column":0},"end":{"line":24,"column":38}},"24":{"start":{"line":25,"column":0},"end":{"line":25,"column":46}},"25":{"start":{"line":26,"column":0},"end":{"line":26,"column":36}},"26":{"start":{"line":27,"column":0},"end":{"line":27,"column":52}},"27":{"start":{"line":28,"column":0},"end":{"line":28,"column":58}},"28":{"start":{"line":29,"column":0},"end":{"line":29,"column":46}},"29":{"start":{"line":30,"column":0},"end":{"line":30,"column":9}},"30":{"start":{"line":31,"column":0},"end":{"line":31,"column":12}},"31":{"start":{"line":32,"column":0},"end":{"line":32,"column":27}},"32":{"start":{"line":33,"column":0},"end":{"line":33,"column":5}},"33":{"start":{"line":34,"column":0},"end":{"line":34,"column":21}},"35":{"start":{"line":36,"column":0},"end":{"line":36,"column":52}},"36":{"start":{"line":37,"column":0},"end":{"line":37,"column":27}},"37":{"start":{"line":38,"column":0},"end":{"line":38,"column":81}},"38":{"start":{"line":39,"column":0},"end":{"line":39,"column":54}},"39":{"start":{"line":40,"column":0},"end":{"line":40,"column":13}},"40":{"start":{"line":41,"column":0},"end":{"line":41,"column":5}},"41":{"start":{"line":42,"column":0},"end":{"line":42,"column":17}},"42":{"start":{"line":43,"column":0},"end":{"line":43,"column":65}},"43":{"start":{"line":44,"column":0},"end":{"line":44,"column":4}},"45":{"start":{"line":46,"column":0},"end":{"line":46,"column":84}},"46":{"start":{"line":47,"column":0},"end":{"line":47,"column":59}},"47":{"start":{"line":48,"column":0},"end":{"line":48,"column":4}},"49":{"start":{"line":50,"column":0},"end":{"line":50,"column":10}},"50":{"start":{"line":51,"column":0},"end":{"line":51,"column":56}},"51":{"start":{"line":52,"column":0},"end":{"line":52,"column":67}},"52":{"start":{"line":53,"column":0},"end":{"line":53,"column":65}},"53":{"start":{"line":54,"column":0},"end":{"line":54,"column":114}},"54":{"start":{"line":55,"column":0},"end":{"line":55,"column":114}},"55":{"start":{"line":56,"column":0},"end":{"line":56,"column":146}},"56":{"start":{"line":57,"column":0},"end":{"line":57,"column":170}},"57":{"start":{"line":58,"column":0},"end":{"line":58,"column":169}},"58":{"start":{"line":59,"column":0},"end":{"line":59,"column":133}},"59":{"start":{"line":60,"column":0},"end":{"line":60,"column":176}},"60":{"start":{"line":61,"column":0},"end":{"line":61,"column":185}},"61":{"start":{"line":62,"column":0},"end":{"line":62,"column":180}},"62":{"start":{"line":63,"column":0},"end":{"line":63,"column":11}},"64":{"start":{"line":65,"column":0},"end":{"line":65,"column":1}}},"s":{"0":1,"3":1,"4":1,"5":1,"6":1,"7":1,"8":1,"9":1,"10":1,"11":1,"12":1,"14":1,"15":3,"16":3,"18":3,"19":3,"20":0,"21":0,"22":0,"23":0,"24":0,"25":0,"26":0,"27":0,"28":0,"29":0,"30":3,"31":3,"32":3,"33":3,"35":3,"36":0,"37":0,"38":0,"39":0,"40":0,"41":0,"42":0,"43":0,"45":3,"46":0,"47":0,"49":3,"50":3,"51":3,"52":3,"53":3,"54":3,"55":3,"56":3,"57":3,"58":3,"59":3,"60":3,"61":3,"62":3,"64":3},"branchMap":{"0":{"type":"branch","line":15,"loc":{"start":{"line":15,"column":7},"end":{"line":65,"column":1}},"locations":[{"start":{"line":15,"column":7},"end":{"line":65,"column":1}}]},"1":{"type":"branch","line":52,"loc":{"start":{"line":52,"column":11},"end":{"line":52,"column":44}},"locations":[{"start":{"line":52,"column":11},"end":{"line":52,"column":44}}]},"2":{"type":"branch","line":53,"loc":{"start":{"line":53,"column":7},"end":{"line":53,"column":65}},"locations":[{"start":{"line":53,"column":7},"end":{"line":53,"column":65}}]},"3":{"type":"branch","line":62,"loc":{"start":{"line":62,"column":91},"end":{"line":62,"column":112}},"locations":[{"start":{"line":62,"column":91},"end":{"line":62,"column":112}}]},"4":{"type":"branch","line":62,"loc":{"start":{"line":62,"column":112},"end":{"line":62,"column":147}},"locations":[{"start":{"line":62,"column":112},"end":{"line":62,"column":147}}]},"5":{"type":"branch","line":19,"loc":{"start":{"line":19,"column":12},"end":{"line":34,"column":5}},"locations":[{"start":{"line":19,"column":12},"end":{"line":34,"column":5}}]},"6":{"type":"branch","line":20,"loc":{"start":{"line":20,"column":22},"end":{"line":31,"column":11}},"locations":[{"start":{"line":20,"column":22},"end":{"line":31,"column":11}}]}},"b":{"0":[3],"1":[0],"2":[0],"3":[0],"4":[0],"5":[3],"6":[0]},"fnMap":{"0":{"name":"LocationsForm","decl":{"start":{"line":15,"column":7},"end":{"line":65,"column":1}},"loc":{"start":{"line":15,"column":7},"end":{"line":65,"column":1}},"line":15},"1":{"name":"submit","decl":{"start":{"line":36,"column":17},"end":{"line":44,"column":4}},"loc":{"start":{"line":36,"column":17},"end":{"line":44,"column":4}},"line":36},"2":{"name":"update","decl":{"start":{"line":46,"column":17},"end":{"line":48,"column":4}},"loc":{"start":{"line":46,"column":17},"end":{"line":48,"column":4}},"line":46},"3":{"name":"onChange","decl":{"start":{"line":54,"column":67},"end":{"line":54,"column":106}},"loc":{"start":{"line":54,"column":67},"end":{"line":54,"column":106}},"line":54},"4":{"name":"onChange","decl":{"start":{"line":55,"column":67},"end":{"line":55,"column":106}},"loc":{"start":{"line":55,"column":67},"end":{"line":55,"column":106}},"line":55},"5":{"name":"onChange","decl":{"start":{"line":56,"column":96},"end":{"line":56,"column":138}},"loc":{"start":{"line":56,"column":96},"end":{"line":56,"column":138}},"line":56},"6":{"name":"onChange","decl":{"start":{"line":57,"column":116},"end":{"line":57,"column":162}},"loc":{"start":{"line":57,"column":116},"end":{"line":57,"column":162}},"line":57},"7":{"name":"onChange","decl":{"start":{"line":58,"column":112},"end":{"line":58,"column":161}},"loc":{"start":{"line":58,"column":112},"end":{"line":58,"column":161}},"line":58},"8":{"name":"onChange","decl":{"start":{"line":59,"column":82},"end":{"line":59,"column":125}},"loc":{"start":{"line":59,"column":82},"end":{"line":59,"column":125}},"line":59},"9":{"name":"onChange","decl":{"start":{"line":60,"column":103},"end":{"line":60,"column":154}},"loc":{"start":{"line":60,"column":103},"end":{"line":60,"column":154}},"line":60},"10":{"name":"onChange","decl":{"start":{"line":61,"column":106},"end":{"line":61,"column":160}},"loc":{"start":{"line":61,"column":106},"end":{"line":61,"column":160}},"line":61}},"f":{"0":3,"1":0,"2":0,"3":0,"4":0,"5":0,"6":0,"7":0,"8":0,"9":0,"10":0}}
,"C:\\Users\\Admin\\source\\repos\\paradise-hotel-frontend\\src\\components\\admin\\SummaryCards.tsx": {"path":"C:\\Users\\Admin\\source\\repos\\paradise-hotel-frontend\\src\\components\\admin\\SummaryCards.tsx","all":false,"statementMap":{"2":{"start":{"line":3,"column":0},"end":{"line":3,"column":15}},"3":{"start":{"line":4,"column":0},"end":{"line":4,"column":60}},"4":{"start":{"line":5,"column":0},"end":{"line":5,"column":62}},"5":{"start":{"line":6,"column":0},"end":{"line":6,"column":68}},"6":{"start":{"line":7,"column":0},"end":{"line":7,"column":40}},"7":{"start":{"line":8,"column":0},"end":{"line":8,"column":48}},"8":{"start":{"line":9,"column":0},"end":{"line":9,"column":11}},"10":{"start":{"line":11,"column":0},"end":{"line":11,"column":74}},"11":{"start":{"line":12,"column":0},"end":{"line":12,"column":10}},"12":{"start":{"line":13,"column":0},"end":{"line":13,"column":32}},"13":{"start":{"line":14,"column":0},"end":{"line":14,"column":28}},"14":{"start":{"line":15,"column":0},"end":{"line":15,"column":58}},"15":{"start":{"line":16,"column":0},"end":{"line":16,"column":35}},"16":{"start":{"line":17,"column":0},"end":{"line":17,"column":46}},"17":{"start":{"line":18,"column":0},"end":{"line":18,"column":14}},"18":{"start":{"line":19,"column":0},"end":{"line":19,"column":9}},"19":{"start":{"line":20,"column":0},"end":{"line":20,"column":10}},"21":{"start":{"line":22,"column":0},"end":{"line":22,"column":1}}},"s":{"2":1,"3":1,"4":1,"5":1,"6":1,"7":1,"8":1,"10":1,"11":1,"12":1,"13":1,"14":5,"15":5,"16":5,"17":5,"18":1,"19":1,"21":1},"branchMap":{"0":{"type":"branch","line":11,"loc":{"start":{"line":11,"column":7},"end":{"line":22,"column":1}},"locations":[{"start":{"line":11,"column":7},"end":{"line":22,"column":1}}]},"1":{"type":"branch","line":14,"loc":{"start":{"line":14,"column":17},"end":{"line":18,"column":14}},"locations":[{"start":{"line":14,"column":17},"end":{"line":18,"column":14}}]}},"b":{"0":[1],"1":[5]},"fnMap":{"0":{"name":"SummaryCards","decl":{"start":{"line":11,"column":7},"end":{"line":22,"column":1}},"loc":{"start":{"line":11,"column":7},"end":{"line":22,"column":1}},"line":11}},"f":{"0":1}}
,"C:\\Users\\Admin\\source\\repos\\paradise-hotel-frontend\\src\\components\\layout\\AppLayout.tsx": {"path":"C:\\Users\\Admin\\source\\repos\\paradise-hotel-frontend\\src\\components\\layout\\AppLayout.tsx","all":false,"statementMap":{"0":{"start":{"line":1,"column":0},"end":{"line":1,"column":57}},"1":{"start":{"line":2,"column":0},"end":{"line":2,"column":52}},"3":{"start":{"line":4,"column":0},"end":{"line":4,"column":29}},"4":{"start":{"line":5,"column":0},"end":{"line":5,"column":46}},"6":{"start":{"line":7,"column":0},"end":{"line":7,"column":10}},"7":{"start":{"line":8,"column":0},"end":{"line":8,"column":31}},"8":{"start":{"line":9,"column":0},"end":{"line":9,"column":38}},"9":{"start":{"line":10,"column":0},"end":{"line":10,"column":43}},"10":{"start":{"line":11,"column":0},"end":{"line":11,"column":62}},"11":{"start":{"line":12,"column":0},"end":{"line":12,"column":37}},"12":{"start":{"line":13,"column":0},"end":{"line":13,"column":42}},"13":{"start":{"line":14,"column":0},"end":{"line":14,"column":48}},"14":{"start":{"line":15,"column":0},"end":{"line":15,"column":56}},"15":{"start":{"line":16,"column":0},"end":{"line":16,"column":75}},"16":{"start":{"line":17,"column":0},"end":{"line":17,"column":71}},"17":{"start":{"line":18,"column":0},"end":{"line":18,"column":75}},"18":{"start":{"line":19,"column":0},"end":{"line":19,"column":69}},"19":{"start":{"line":20,"column":0},"end":{"line":20,"column":16}},"20":{"start":{"line":21,"column":0},"end":{"line":21,"column":40}},"21":{"start":{"line":22,"column":0},"end":{"line":22,"column":21}},"22":{"start":{"line":23,"column":0},"end":{"line":23,"column":16}},"23":{"start":{"line":24,"column":0},"end":{"line":24,"column":77}},"24":{"start":{"line":25,"column":0},"end":{"line":25,"column":90}},"25":{"start":{"line":26,"column":0},"end":{"line":26,"column":17}},"27":{"start":{"line":28,"column":0},"end":{"line":28,"column":16}},"28":{"start":{"line":29,"column":0},"end":{"line":29,"column":80}},"29":{"start":{"line":30,"column":0},"end":{"line":30,"column":71}},"30":{"start":{"line":31,"column":0},"end":{"line":31,"column":17}},"32":{"start":{"line":33,"column":0},"end":{"line":33,"column":16}},"33":{"start":{"line":34,"column":0},"end":{"line":34,"column":14}},"34":{"start":{"line":35,"column":0},"end":{"line":35,"column":15}},"36":{"start":{"line":37,"column":0},"end":{"line":37,"column":12}},"37":{"start":{"line":38,"column":0},"end":{"line":38,"column":18}},"38":{"start":{"line":39,"column":0},"end":{"line":39,"column":13}},"40":{"start":{"line":41,"column":0},"end":{"line":41,"column":38}},"41":{"start":{"line":42,"column":0},"end":{"line":42,"column":47}},"42":{"start":{"line":43,"column":0},"end":{"line":43,"column":15}},"43":{"start":{"line":44,"column":0},"end":{"line":44,"column":35}},"44":{"start":{"line":45,"column":0},"end":{"line":45,"column":81}},"45":{"start":{"line":46,"column":0},"end":{"line":46,"column":16}},"46":{"start":{"line":47,"column":0},"end":{"line":47,"column":15}},"47":{"start":{"line":48,"column":0},"end":{"line":48,"column":54}},"48":{"start":{"line":49,"column":0},"end":{"line":49,"column":69}},"49":{"start":{"line":50,"column":0},"end":{"line":50,"column":16}},"50":{"start":{"line":51,"column":0},"end":{"line":51,"column":14}},"51":{"start":{"line":52,"column":0},"end":{"line":52,"column":15}},"52":{"start":{"line":53,"column":0},"end":{"line":53,"column":10}},"54":{"start":{"line":55,"column":0},"end":{"line":55,"column":1}}},"s":{"0":1,"1":1,"3":1,"4":3,"6":3,"7":3,"8":3,"9":3,"10":3,"11":3,"12":3,"13":3,"14":3,"15":3,"16":3,"17":3,"18":3,"19":3,"20":3,"21":3,"22":2,"23":2,"24":2,"25":2,"27":1,"28":1,"29":1,"30":1,"32":3,"33":3,"34":3,"36":3,"37":3,"38":3,"40":3,"41":3,"42":3,"43":3,"44":3,"45":3,"46":3,"47":3,"48":3,"49":3,"50":3,"51":3,"52":3,"54":3},"branchMap":{"0":{"type":"branch","line":4,"loc":{"start":{"line":4,"column":7},"end":{"line":55,"column":1}},"locations":[{"start":{"line":4,"column":7},"end":{"line":55,"column":1}}]},"1":{"type":"branch","line":16,"loc":{"start":{"line":16,"column":13},"end":{"line":16,"column":75}},"locations":[{"start":{"line":16,"column":13},"end":{"line":16,"column":75}}]},"2":{"type":"branch","line":17,"loc":{"start":{"line":17,"column":13},"end":{"line":17,"column":71}},"locations":[{"start":{"line":17,"column":13},"end":{"line":17,"column":71}}]},"3":{"type":"branch","line":18,"loc":{"start":{"line":18,"column":13},"end":{"line":18,"column":75}},"locations":[{"start":{"line":18,"column":13},"end":{"line":18,"column":75}}]},"4":{"type":"branch","line":19,"loc":{"start":{"line":19,"column":1},"end":{"line":19,"column":69}},"locations":[{"start":{"line":19,"column":1},"end":{"line":19,"column":69}}]},"5":{"type":"branch","line":22,"loc":{"start":{"line":22,"column":13},"end":{"line":26,"column":17}},"locations":[{"start":{"line":22,"column":13},"end":{"line":26,"column":17}}]},"6":{"type":"branch","line":26,"loc":{"start":{"line":26,"column":14},"end":{"line":31,"column":17}},"locations":[{"start":{"line":26,"column":14},"end":{"line":31,"column":17}}]}},"b":{"0":[3],"1":[2],"2":[1],"3":[1],"4":[1],"5":[2],"6":[1]},"fnMap":{"0":{"name":"AppLayout","decl":{"start":{"line":4,"column":7},"end":{"line":55,"column":1}},"loc":{"start":{"line":4,"column":7},"end":{"line":55,"column":1}},"line":4}},"f":{"0":3}}
,"C:\\Users\\Admin\\source\\repos\\paradise-hotel-frontend\\src\\components\\reservations\\ReservationCard.tsx": {"path":"C:\\Users\\Admin\\source\\repos\\paradise-hotel-frontend\\src\\components\\reservations\\ReservationCard.tsx","all":false,"statementMap":{"0":{"start":{"line":1,"column":0},"end":{"line":1,"column":50}},"3":{"start":{"line":4,"column":0},"end":{"line":4,"column":161}},"4":{"start":{"line":5,"column":0},"end":{"line":5,"column":10}},"5":{"start":{"line":6,"column":0},"end":{"line":6,"column":48}},"6":{"start":{"line":7,"column":0},"end":{"line":7,"column":36}},"7":{"start":{"line":8,"column":0},"end":{"line":8,"column":13}},"8":{"start":{"line":9,"column":0},"end":{"line":9,"column":41}},"9":{"start":{"line":10,"column":0},"end":{"line":10,"column":91}},"10":{"start":{"line":11,"column":0},"end":{"line":11,"column":14}},"11":{"start":{"line":12,"column":0},"end":{"line":12,"column":89}},"12":{"start":{"line":13,"column":0},"end":{"line":13,"column":12}},"14":{"start":{"line":15,"column":0},"end":{"line":15,"column":33}},"15":{"start":{"line":16,"column":0},"end":{"line":16,"column":43}},"16":{"start":{"line":17,"column":0},"end":{"line":17,"column":95}},"17":{"start":{"line":18,"column":0},"end":{"line":18,"column":50}},"18":{"start":{"line":19,"column":0},"end":{"line":19,"column":12}},"20":{"start":{"line":21,"column":0},"end":{"line":21,"column":55}},"21":{"start":{"line":22,"column":0},"end":{"line":22,"column":110}},"23":{"start":{"line":24,"column":0},"end":{"line":24,"column":17}},"25":{"start":{"line":26,"column":0},"end":{"line":26,"column":14}},"27":{"start":{"line":28,"column":0},"end":{"line":28,"column":1}}},"s":{"0":1,"3":1,"4":5,"5":5,"6":5,"7":5,"8":5,"9":5,"10":5,"11":5,"12":5,"14":5,"15":5,"16":5,"17":5,"18":5,"20":5,"21":5,"23":5,"25":5,"27":5},"branchMap":{"0":{"type":"branch","line":4,"loc":{"start":{"line":4,"column":7},"end":{"line":28,"column":1}},"locations":[{"start":{"line":4,"column":7},"end":{"line":28,"column":1}}]},"1":{"type":"branch","line":22,"loc":{"start":{"line":22,"column":58},"end":{"line":22,"column":90}},"locations":[{"start":{"line":22,"column":58},"end":{"line":22,"column":90}}]}},"b":{"0":[5],"1":[1]},"fnMap":{"0":{"name":"ReservationCard","decl":{"start":{"line":4,"column":7},"end":{"line":28,"column":1}},"loc":{"start":{"line":4,"column":7},"end":{"line":28,"column":1}},"line":4},"1":{"name":"onClick","decl":{"start":{"line":22,"column":58},"end":{"line":22,"column":90}},"loc":{"start":{"line":22,"column":58},"end":{"line":22,"column":90}},"line":22}},"f":{"0":5,"1":1}}
,"C:\\Users\\Admin\\source\\repos\\paradise-hotel-frontend\\src\\components\\rooms\\RoomCard.tsx": {"path":"C:\\Users\\Admin\\source\\repos\\paradise-hotel-frontend\\src\\components\\rooms\\RoomCard.tsx","all":false,"statementMap":{"0":{"start":{"line":1,"column":0},"end":{"line":1,"column":46}},"9":{"start":{"line":10,"column":0},"end":{"line":10,"column":72}},"10":{"start":{"line":11,"column":0},"end":{"line":11,"column":10}},"11":{"start":{"line":12,"column":0},"end":{"line":12,"column":41}},"12":{"start":{"line":13,"column":0},"end":{"line":13,"column":36}},"13":{"start":{"line":14,"column":0},"end":{"line":14,"column":13}},"14":{"start":{"line":15,"column":0},"end":{"line":15,"column":30}},"15":{"start":{"line":16,"column":0},"end":{"line":16,"column":78}},"16":{"start":{"line":17,"column":0},"end":{"line":17,"column":14}},"17":{"start":{"line":18,"column":0},"end":{"line":18,"column":63}},"18":{"start":{"line":19,"column":0},"end":{"line":19,"column":12}},"20":{"start":{"line":21,"column":0},"end":{"line":21,"column":31}},"22":{"start":{"line":23,"column":0},"end":{"line":23,"column":33}},"23":{"start":{"line":24,"column":0},"end":{"line":24,"column":41}},"24":{"start":{"line":25,"column":0},"end":{"line":25,"column":41}},"25":{"start":{"line":26,"column":0},"end":{"line":26,"column":50}},"26":{"start":{"line":27,"column":0},"end":{"line":27,"column":88}},"27":{"start":{"line":28,"column":0},"end":{"line":28,"column":97}},"28":{"start":{"line":29,"column":0},"end":{"line":29,"column":12}},"30":{"start":{"line":31,"column":0},"end":{"line":31,"column":21}},"31":{"start":{"line":32,"column":0},"end":{"line":32,"column":87}},"33":{"start":{"line":34,"column":0},"end":{"line":34,"column":17}},"35":{"start":{"line":36,"column":0},"end":{"line":36,"column":14}},"37":{"start":{"line":38,"column":0},"end":{"line":38,"column":1}}},"s":{"0":1,"9":1,"10":1,"11":1,"12":1,"13":1,"14":1,"15":1,"16":1,"17":1,"18":1,"20":1,"22":1,"23":1,"24":1,"25":1,"26":1,"27":1,"28":1,"30":1,"31":1,"33":1,"35":1,"37":1},"branchMap":{"0":{"type":"branch","line":10,"loc":{"start":{"line":10,"column":7},"end":{"line":38,"column":1}},"locations":[{"start":{"line":10,"column":7},"end":{"line":38,"column":1}}]},"1":{"type":"branch","line":27,"loc":{"start":{"line":27,"column":46},"end":{"line":27,"column":81}},"locations":[{"start":{"line":27,"column":46},"end":{"line":27,"column":81}}]},"2":{"type":"branch","line":28,"loc":{"start":{"line":28,"column":49},"end":{"line":28,"column":90}},"locations":[{"start":{"line":28,"column":49},"end":{"line":28,"column":90}}]},"3":{"type":"branch","line":32,"loc":{"start":{"line":32,"column":44},"end":{"line":32,"column":67}},"locations":[{"start":{"line":32,"column":44},"end":{"line":32,"column":67}}]}},"b":{"0":[1],"1":[0],"2":[0],"3":[1]},"fnMap":{"0":{"name":"RoomCard","decl":{"start":{"line":10,"column":7},"end":{"line":38,"column":1}},"loc":{"start":{"line":10,"column":7},"end":{"line":38,"column":1}},"line":10},"1":{"name":"onClick","decl":{"start":{"line":32,"column":44},"end":{"line":32,"column":67}},"loc":{"start":{"line":32,"column":44},"end":{"line":32,"column":67}},"line":32}},"f":{"0":1,"1":1}}
,"C:\\Users\\Admin\\source\\repos\\paradise-hotel-frontend\\src\\components\\rooms\\SearchForm.tsx": {"path":"C:\\Users\\Admin\\source\\repos\\paradise-hotel-frontend\\src\\components\\rooms\\SearchForm.tsx","all":false,"statementMap":{"0":{"start":{"line":1,"column":0},"end":{"line":1,"column":33}},"1":{"start":{"line":2,"column":0},"end":{"line":2,"column":61}},"10":{"start":{"line":11,"column":0},"end":{"line":11,"column":81}},"11":{"start":{"line":12,"column":0},"end":{"line":12,"column":73}},"12":{"start":{"line":13,"column":0},"end":{"line":13,"column":67}},"14":{"start":{"line":15,"column":0},"end":{"line":15,"column":92}},"15":{"start":{"line":16,"column":0},"end":{"line":16,"column":59}},"16":{"start":{"line":17,"column":0},"end":{"line":17,"column":4}},"18":{"start":{"line":19,"column":0},"end":{"line":19,"column":52}},"19":{"start":{"line":20,"column":0},"end":{"line":20,"column":27}},"20":{"start":{"line":21,"column":0},"end":{"line":21,"column":76}},"21":{"start":{"line":22,"column":0},"end":{"line":22,"column":28}},"22":{"start":{"line":23,"column":0},"end":{"line":23,"column":55}},"23":{"start":{"line":24,"column":0},"end":{"line":24,"column":5}},"24":{"start":{"line":25,"column":0},"end":{"line":25,"column":26}},"25":{"start":{"line":26,"column":0},"end":{"line":26,"column":51}},"26":{"start":{"line":27,"column":0},"end":{"line":27,"column":27}},"27":{"start":{"line":28,"column":0},"end":{"line":28,"column":4}},"29":{"start":{"line":30,"column":0},"end":{"line":30,"column":10}},"30":{"start":{"line":31,"column":0},"end":{"line":31,"column":56}},"31":{"start":{"line":32,"column":0},"end":{"line":32,"column":11}},"32":{"start":{"line":33,"column":0},"end":{"line":33,"column":49}},"33":{"start":{"line":34,"column":0},"end":{"line":34,"column":123}},"34":{"start":{"line":35,"column":0},"end":{"line":35,"column":83}},"35":{"start":{"line":36,"column":0},"end":{"line":36,"column":12}},"36":{"start":{"line":37,"column":0},"end":{"line":37,"column":11}},"37":{"start":{"line":38,"column":0},"end":{"line":38,"column":51}},"38":{"start":{"line":39,"column":0},"end":{"line":39,"column":126}},"39":{"start":{"line":40,"column":0},"end":{"line":40,"column":85}},"40":{"start":{"line":41,"column":0},"end":{"line":41,"column":12}},"41":{"start":{"line":42,"column":0},"end":{"line":42,"column":11}},"42":{"start":{"line":43,"column":0},"end":{"line":43,"column":46}},"43":{"start":{"line":44,"column":0},"end":{"line":44,"column":138}},"44":{"start":{"line":45,"column":0},"end":{"line":45,"column":81}},"45":{"start":{"line":46,"column":0},"end":{"line":46,"column":12}},"46":{"start":{"line":47,"column":0},"end":{"line":47,"column":11}},"47":{"start":{"line":48,"column":0},"end":{"line":48,"column":50}},"48":{"start":{"line":49,"column":0},"end":{"line":49,"column":137}},"49":{"start":{"line":50,"column":0},"end":{"line":50,"column":12}},"50":{"start":{"line":51,"column":0},"end":{"line":51,"column":11}},"51":{"start":{"line":52,"column":0},"end":{"line":52,"column":42}},"52":{"start":{"line":53,"column":0},"end":{"line":53,"column":128}},"53":{"start":{"line":54,"column":0},"end":{"line":54,"column":12}},"54":{"start":{"line":55,"column":0},"end":{"line":55,"column":11}},"55":{"start":{"line":56,"column":0},"end":{"line":56,"column":54}},"56":{"start":{"line":57,"column":0},"end":{"line":57,"column":184}},"57":{"start":{"line":58,"column":0},"end":{"line":58,"column":12}},"58":{"start":{"line":59,"column":0},"end":{"line":59,"column":38}},"59":{"start":{"line":60,"column":0},"end":{"line":60,"column":135}},"61":{"start":{"line":62,"column":0},"end":{"line":62,"column":14}},"62":{"start":{"line":63,"column":0},"end":{"line":63,"column":38}},"63":{"start":{"line":64,"column":0},"end":{"line":64,"column":141}},"65":{"start":{"line":66,"column":0},"end":{"line":66,"column":14}},"66":{"start":{"line":67,"column":0},"end":{"line":67,"column":47}},"67":{"start":{"line":68,"column":0},"end":{"line":68,"column":120}},"68":{"start":{"line":69,"column":0},"end":{"line":69,"column":12}},"69":{"start":{"line":70,"column":0},"end":{"line":70,"column":11}},"71":{"start":{"line":72,"column":0},"end":{"line":72,"column":1}}},"s":{"0":1,"1":1,"10":1,"11":4,"12":4,"14":4,"15":0,"16":0,"18":4,"19":1,"20":1,"21":1,"22":0,"23":0,"24":1,"25":1,"26":0,"27":1,"29":4,"30":4,"31":4,"32":4,"33":4,"34":4,"35":4,"36":4,"37":4,"38":4,"39":4,"40":4,"41":4,"42":4,"43":4,"44":4,"45":4,"46":4,"47":4,"48":4,"49":4,"50":4,"51":4,"52":4,"53":4,"54":4,"55":4,"56":4,"57":4,"58":4,"59":4,"61":4,"62":4,"63":4,"65":4,"66":4,"67":4,"68":4,"69":4,"71":4},"branchMap":{"0":{"type":"branch","line":11,"loc":{"start":{"line":11,"column":7},"end":{"line":72,"column":1}},"locations":[{"start":{"line":11,"column":7},"end":{"line":72,"column":1}}]},"1":{"type":"branch","line":35,"loc":{"start":{"line":35,"column":16},"end":{"line":35,"column":83}},"locations":[{"start":{"line":35,"column":16},"end":{"line":35,"column":83}}]},"2":{"type":"branch","line":40,"loc":{"start":{"line":40,"column":16},"end":{"line":40,"column":85}},"locations":[{"start":{"line":40,"column":16},"end":{"line":40,"column":85}}]},"3":{"type":"branch","line":45,"loc":{"start":{"line":45,"column":16},"end":{"line":45,"column":81}},"locations":[{"start":{"line":45,"column":16},"end":{"line":45,"column":81}}]},"4":{"type":"branch","line":68,"loc":{"start":{"line":68,"column":69},"end":{"line":68,"column":96}},"locations":[{"start":{"line":68,"column":69},"end":{"line":68,"column":96}}]},"5":{"type":"branch","line":19,"loc":{"start":{"line":19,"column":17},"end":{"line":28,"column":4}},"locations":[{"start":{"line":19,"column":17},"end":{"line":28,"column":4}}]},"6":{"type":"branch","line":22,"loc":{"start":{"line":22,"column":27},"end":{"line":24,"column":5}},"locations":[{"start":{"line":22,"column":27},"end":{"line":24,"column":5}}]},"7":{"type":"branch","line":26,"loc":{"start":{"line":26,"column":44},"end":{"line":27,"column":27}},"locations":[{"start":{"line":26,"column":44},"end":{"line":27,"column":27}}]}},"b":{"0":[4],"1":[0],"2":[1],"3":[0],"4":[0],"5":[1],"6":[0],"7":[0]},"fnMap":{"0":{"name":"SearchForm","decl":{"start":{"line":11,"column":7},"end":{"line":72,"column":1}},"loc":{"start":{"line":11,"column":7},"end":{"line":72,"column":1}},"line":11},"1":{"name":"handleChange","decl":{"start":{"line":15,"column":23},"end":{"line":17,"column":4}},"loc":{"start":{"line":15,"column":23},"end":{"line":17,"column":4}},"line":15},"2":{"name":"submit","decl":{"start":{"line":19,"column":17},"end":{"line":28,"column":4}},"loc":{"start":{"line":19,"column":17},"end":{"line":28,"column":4}},"line":19},"3":{"name":"onChange","decl":{"start":{"line":34,"column":73},"end":{"line":34,"column":121}},"loc":{"start":{"line":34,"column":73},"end":{"line":34,"column":121}},"line":34},"4":{"name":"onChange","decl":{"start":{"line":39,"column":75},"end":{"line":39,"column":124}},"loc":{"start":{"line":39,"column":75},"end":{"line":39,"column":124}},"line":39},"5":{"name":"onChange","decl":{"start":{"line":44,"column":81},"end":{"line":44,"column":136}},"loc":{"start":{"line":44,"column":81},"end":{"line":44,"column":136}},"line":44},"6":{"name":"onChange","decl":{"start":{"line":49,"column":65},"end":{"line":49,"column":112}},"loc":{"start":{"line":49,"column":65},"end":{"line":49,"column":112}},"line":49},"7":{"name":"onChange","decl":{"start":{"line":53,"column":61},"end":{"line":53,"column":106}},"loc":{"start":{"line":53,"column":61},"end":{"line":53,"column":106}},"line":53},"8":{"name":"onChange","decl":{"start":{"line":57,"column":106},"end":{"line":57,"column":182}},"loc":{"start":{"line":57,"column":106},"end":{"line":57,"column":182}},"line":57},"9":{"name":"onChange","decl":{"start":{"line":60,"column":79},"end":{"line":60,"column":133}},"loc":{"start":{"line":60,"column":79},"end":{"line":60,"column":133}},"line":60},"10":{"name":"onChange","decl":{"start":{"line":64,"column":82},"end":{"line":64,"column":139}},"loc":{"start":{"line":64,"column":82},"end":{"line":64,"column":139}},"line":64}},"f":{"0":4,"1":0,"2":1,"3":0,"4":0,"5":0,"6":0,"7":0,"8":0,"9":0,"10":0}}
,"C:\\Users\\Admin\\source\\repos\\paradise-hotel-frontend\\src\\components\\routing\\ProtectedRoute.tsx": {"path":"C:\\Users\\Admin\\source\\repos\\paradise-hotel-frontend\\src\\components\\routing\\ProtectedRoute.tsx","all":false,"statementMap":{"0":{"start":{"line":1,"column":0},"end":{"line":1,"column":57}},"1":{"start":{"line":2,"column":0},"end":{"line":2,"column":52}},"2":{"start":{"line":3,"column":0},"end":{"line":3,"column":38}},"4":{"start":{"line":5,"column":0},"end":{"line":5,"column":77}},"5":{"start":{"line":6,"column":0},"end":{"line":6,"column":49}},"6":{"start":{"line":7,"column":0},"end":{"line":7,"column":33}},"8":{"start":{"line":9,"column":0},"end":{"line":9,"column":60}},"9":{"start":{"line":10,"column":0},"end":{"line":10,"column":100}},"10":{"start":{"line":11,"column":0},"end":{"line":11,"column":25}},"11":{"start":{"line":12,"column":0},"end":{"line":12,"column":1}},"13":{"start":{"line":14,"column":0},"end":{"line":14,"column":73}},"14":{"start":{"line":15,"column":0},"end":{"line":15,"column":58}},"16":{"start":{"line":17,"column":0},"end":{"line":17,"column":65}},"17":{"start":{"line":18,"column":0},"end":{"line":18,"column":64}},"18":{"start":{"line":19,"column":0},"end":{"line":19,"column":51}},"19":{"start":{"line":20,"column":0},"end":{"line":20,"column":25}},"20":{"start":{"line":21,"column":0},"end":{"line":21,"column":1}},"22":{"start":{"line":23,"column":0},"end":{"line":23,"column":78}},"23":{"start":{"line":24,"column":0},"end":{"line":24,"column":58}},"25":{"start":{"line":26,"column":0},"end":{"line":26,"column":51}},"26":{"start":{"line":27,"column":0},"end":{"line":27,"column":97}},"27":{"start":{"line":28,"column":0},"end":{"line":28,"column":25}},"28":{"start":{"line":29,"column":0},"end":{"line":29,"column":1}}},"s":{"0":1,"1":1,"2":1,"4":1,"5":1,"6":1,"8":1,"9":1,"10":1,"11":1,"13":1,"14":0,"16":0,"17":0,"18":0,"19":0,"20":0,"22":1,"23":0,"25":0,"26":0,"27":0,"28":0},"branchMap":{"0":{"type":"branch","line":5,"loc":{"start":{"line":5,"column":7},"end":{"line":12,"column":1}},"locations":[{"start":{"line":5,"column":7},"end":{"line":12,"column":1}}]},"1":{"type":"branch","line":9,"loc":{"start":{"line":9,"column":15},"end":{"line":9,"column":60}},"locations":[{"start":{"line":9,"column":15},"end":{"line":9,"column":60}}]},"2":{"type":"branch","line":10,"loc":{"start":{"line":10,"column":24},"end":{"line":10,"column":100}},"locations":[{"start":{"line":10,"column":24},"end":{"line":10,"column":100}}]}},"b":{"0":[1],"1":[0],"2":[0]},"fnMap":{"0":{"name":"ProtectedRoute","decl":{"start":{"line":5,"column":7},"end":{"line":12,"column":1}},"loc":{"start":{"line":5,"column":7},"end":{"line":12,"column":1}},"line":5},"1":{"name":"AdminRoute","decl":{"start":{"line":14,"column":7},"end":{"line":21,"column":1}},"loc":{"start":{"line":14,"column":7},"end":{"line":21,"column":1}},"line":14},"2":{"name":"PublicOnlyRoute","decl":{"start":{"line":23,"column":7},"end":{"line":29,"column":1}},"loc":{"start":{"line":23,"column":7},"end":{"line":29,"column":1}},"line":23}},"f":{"0":1,"1":0,"2":0}}
,"C:\\Users\\Admin\\source\\repos\\paradise-hotel-frontend\\src\\components\\ui\\Alert.tsx": {"path":"C:\\Users\\Admin\\source\\repos\\paradise-hotel-frontend\\src\\components\\ui\\Alert.tsx","all":false,"statementMap":{"0":{"start":{"line":1,"column":0},"end":{"line":1,"column":101}},"1":{"start":{"line":2,"column":0},"end":{"line":2,"column":64}},"2":{"start":{"line":3,"column":0},"end":{"line":3,"column":1}}},"s":{"0":1,"1":4,"2":4},"branchMap":{"0":{"type":"branch","line":1,"loc":{"start":{"line":1,"column":7},"end":{"line":3,"column":1}},"locations":[{"start":{"line":1,"column":7},"end":{"line":3,"column":1}}]}},"b":{"0":[4]},"fnMap":{"0":{"name":"Alert","decl":{"start":{"line":1,"column":7},"end":{"line":3,"column":1}},"loc":{"start":{"line":1,"column":7},"end":{"line":3,"column":1}},"line":1}},"f":{"0":4}}
,"C:\\Users\\Admin\\source\\repos\\paradise-hotel-frontend\\src\\components\\ui\\Loader.tsx": {"path":"C:\\Users\\Admin\\source\\repos\\paradise-hotel-frontend\\src\\components\\ui\\Loader.tsx","all":false,"statementMap":{"0":{"start":{"line":1,"column":0},"end":{"line":1,"column":68}},"1":{"start":{"line":2,"column":0},"end":{"line":2,"column":10}},"2":{"start":{"line":3,"column":0},"end":{"line":3,"column":46}},"3":{"start":{"line":4,"column":0},"end":{"line":4,"column":33}},"4":{"start":{"line":5,"column":0},"end":{"line":5,"column":19}},"5":{"start":{"line":6,"column":0},"end":{"line":6,"column":10}},"7":{"start":{"line":8,"column":0},"end":{"line":8,"column":1}}},"s":{"0":1,"1":13,"2":13,"3":13,"4":13,"5":13,"7":13},"branchMap":{"0":{"type":"branch","line":1,"loc":{"start":{"line":1,"column":7},"end":{"line":8,"column":1}},"locations":[{"start":{"line":1,"column":7},"end":{"line":8,"column":1}}]}},"b":{"0":[13]},"fnMap":{"0":{"name":"Loader","decl":{"start":{"line":1,"column":7},"end":{"line":8,"column":1}},"loc":{"start":{"line":1,"column":7},"end":{"line":8,"column":1}},"line":1}},"f":{"0":13}}
,"C:\\Users\\Admin\\source\\repos\\paradise-hotel-frontend\\src\\components\\ui\\SectionIntro.tsx": {"path":"C:\\Users\\Admin\\source\\repos\\paradise-hotel-frontend\\src\\components\\ui\\SectionIntro.tsx","all":false,"statementMap":{"0":{"start":{"line":1,"column":0},"end":{"line":1,"column":107}},"1":{"start":{"line":2,"column":0},"end":{"line":2,"column":10}},"2":{"start":{"line":3,"column":0},"end":{"line":3,"column":35}},"3":{"start":{"line":4,"column":0},"end":{"line":4,"column":55}},"4":{"start":{"line":5,"column":0},"end":{"line":5,"column":22}},"5":{"start":{"line":6,"column":0},"end":{"line":6,"column":19}},"6":{"start":{"line":7,"column":0},"end":{"line":7,"column":10}},"8":{"start":{"line":9,"column":0},"end":{"line":9,"column":1}}},"s":{"0":1,"1":37,"2":37,"3":37,"4":37,"5":37,"6":37,"8":37},"branchMap":{"0":{"type":"branch","line":1,"loc":{"start":{"line":1,"column":7},"end":{"line":9,"column":1}},"locations":[{"start":{"line":1,"column":7},"end":{"line":9,"column":1}}]}},"b":{"0":[37]},"fnMap":{"0":{"name":"SectionIntro","decl":{"start":{"line":1,"column":7},"end":{"line":9,"column":1}},"loc":{"start":{"line":1,"column":7},"end":{"line":9,"column":1}},"line":1}},"f":{"0":37}}
,"C:\\Users\\Admin\\source\\repos\\paradise-hotel-frontend\\src\\context\\AuthContext.tsx": {"path":"C:\\Users\\Admin\\source\\repos\\paradise-hotel-frontend\\src\\context\\AuthContext.tsx","all":true,"statementMap":{"0":{"start":{"line":1,"column":0},"end":{"line":1,"column":80}},"1":{"start":{"line":2,"column":0},"end":{"line":2,"column":41}},"2":{"start":{"line":3,"column":0},"end":{"line":3,"column":43}},"3":{"start":{"line":4,"column":0},"end":{"line":4,"column":48}},"17":{"start":{"line":18,"column":0},"end":{"line":18,"column":75}},"19":{"start":{"line":20,"column":0},"end":{"line":20,"column":75}},"20":{"start":{"line":21,"column":0},"end":{"line":21,"column":67}},"21":{"start":{"line":22,"column":0},"end":{"line":22,"column":47}},"23":{"start":{"line":24,"column":0},"end":{"line":24,"column":24}},"24":{"start":{"line":25,"column":0},"end":{"line":25,"column":20}},"25":{"start":{"line":26,"column":0},"end":{"line":26,"column":18}},"26":{"start":{"line":27,"column":0},"end":{"line":27,"column":4}},"28":{"start":{"line":29,"column":0},"end":{"line":29,"column":35}},"29":{"start":{"line":30,"column":0},"end":{"line":30,"column":37}},"30":{"start":{"line":31,"column":0},"end":{"line":31,"column":17}},"31":{"start":{"line":32,"column":0},"end":{"line":32,"column":24}},"32":{"start":{"line":33,"column":0},"end":{"line":33,"column":13}},"33":{"start":{"line":34,"column":0},"end":{"line":34,"column":5}},"35":{"start":{"line":36,"column":0},"end":{"line":36,"column":9}},"36":{"start":{"line":37,"column":0},"end":{"line":37,"column":38}},"37":{"start":{"line":38,"column":0},"end":{"line":38,"column":25}},"38":{"start":{"line":39,"column":0},"end":{"line":39,"column":33}},"39":{"start":{"line":40,"column":0},"end":{"line":40,"column":13}},"40":{"start":{"line":41,"column":0},"end":{"line":41,"column":15}},"41":{"start":{"line":42,"column":0},"end":{"line":42,"column":15}},"42":{"start":{"line":43,"column":0},"end":{"line":43,"column":24}},"43":{"start":{"line":44,"column":0},"end":{"line":44,"column":5}},"44":{"start":{"line":45,"column":0},"end":{"line":45,"column":4}},"46":{"start":{"line":47,"column":0},"end":{"line":47,"column":19}},"47":{"start":{"line":48,"column":0},"end":{"line":48,"column":23}},"48":{"start":{"line":49,"column":0},"end":{"line":49,"column":9}},"50":{"start":{"line":51,"column":0},"end":{"line":51,"column":50}},"51":{"start":{"line":52,"column":0},"end":{"line":52,"column":9}},"52":{"start":{"line":53,"column":0},"end":{"line":53,"column":48}},"53":{"start":{"line":54,"column":0},"end":{"line":54,"column":35}},"54":{"start":{"line":55,"column":0},"end":{"line":55,"column":33}},"55":{"start":{"line":56,"column":0},"end":{"line":56,"column":25}},"56":{"start":{"line":57,"column":0},"end":{"line":57,"column":21}},"57":{"start":{"line":58,"column":0},"end":{"line":58,"column":63}},"58":{"start":{"line":59,"column":0},"end":{"line":59,"column":5}},"59":{"start":{"line":60,"column":0},"end":{"line":60,"column":4}},"61":{"start":{"line":62,"column":0},"end":{"line":62,"column":56}},"62":{"start":{"line":63,"column":0},"end":{"line":63,"column":9}},"63":{"start":{"line":64,"column":0},"end":{"line":64,"column":38}},"64":{"start":{"line":65,"column":0},"end":{"line":65,"column":21}},"65":{"start":{"line":66,"column":0},"end":{"line":66,"column":70}},"66":{"start":{"line":67,"column":0},"end":{"line":67,"column":5}},"67":{"start":{"line":68,"column":0},"end":{"line":68,"column":4}},"69":{"start":{"line":70,"column":0},"end":{"line":70,"column":24}},"70":{"start":{"line":71,"column":0},"end":{"line":71,"column":12}},"71":{"start":{"line":72,"column":0},"end":{"line":72,"column":11}},"72":{"start":{"line":73,"column":0},"end":{"line":73,"column":14}},"73":{"start":{"line":74,"column":0},"end":{"line":74,"column":37}},"74":{"start":{"line":75,"column":0},"end":{"line":75,"column":38}},"75":{"start":{"line":76,"column":0},"end":{"line":76,"column":12}},"76":{"start":{"line":77,"column":0},"end":{"line":77,"column":15}},"77":{"start":{"line":78,"column":0},"end":{"line":78,"column":13}},"78":{"start":{"line":79,"column":0},"end":{"line":79,"column":18}},"79":{"start":{"line":80,"column":0},"end":{"line":80,"column":7}},"80":{"start":{"line":81,"column":0},"end":{"line":81,"column":20}},"81":{"start":{"line":82,"column":0},"end":{"line":82,"column":4}},"83":{"start":{"line":84,"column":0},"end":{"line":84,"column":79}},"84":{"start":{"line":85,"column":0},"end":{"line":85,"column":1}},"86":{"start":{"line":87,"column":0},"end":{"line":87,"column":27}},"87":{"start":{"line":88,"column":0},"end":{"line":88,"column":42}},"88":{"start":{"line":89,"column":0},"end":{"line":89,"column":17}},"89":{"start":{"line":90,"column":0},"end":{"line":90,"column":64}},"90":{"start":{"line":91,"column":0},"end":{"line":91,"column":3}},"91":{"start":{"line":92,"column":0},"end":{"line":92,"column":17}},"92":{"start":{"line":93,"column":0},"end":{"line":93,"column":1}}},"s":{"0":0,"1":0,"2":0,"3":0,"17":0,"19":0,"20":0,"21":0,"23":0,"24":0,"25":0,"26":0,"28":0,"29":0,"30":0,"31":0,"32":0,"33":0,"35":0,"36":0,"37":0,"38":0,"39":0,"40":0,"41":0,"42":0,"43":0,"44":0,"46":0,"47":0,"48":0,"50":0,"51":0,"52":0,"53":0,"54":0,"55":0,"56":0,"57":0,"58":0,"59":0,"61":0,"62":0,"63":0,"64":0,"65":0,"66":0,"67":0,"69":0,"70":0,"71":0,"72":0,"73":0,"74":0,"75":0,"76":0,"77":0,"78":0,"79":0,"80":0,"81":0,"83":0,"84":0,"86":0,"87":0,"88":0,"89":0,"90":0,"91":0,"92":0},"branchMap":{"0":{"type":"branch","line":1,"loc":{"start":{"line":1,"column":2318},"end":{"line":93,"column":1}},"locations":[{"start":{"line":1,"column":2318},"end":{"line":93,"column":1}}]}},"b":{"0":[0]},"fnMap":{"0":{"name":"(empty-report)","decl":{"start":{"line":1,"column":2318},"end":{"line":93,"column":1}},"loc":{"start":{"line":1,"column":2318},"end":{"line":93,"column":1}},"line":1}},"f":{"0":0}}
,"C:\\Users\\Admin\\source\\repos\\paradise-hotel-frontend\\src\\pages\\AboutPage.tsx": {"path":"C:\\Users\\Admin\\source\\repos\\paradise-hotel-frontend\\src\\pages\\AboutPage.tsx","all":false,"statementMap":{"0":{"start":{"line":1,"column":0},"end":{"line":1,"column":61}},"2":{"start":{"line":3,"column":0},"end":{"line":3,"column":29}},"3":{"start":{"line":4,"column":0},"end":{"line":4,"column":10}},"4":{"start":{"line":5,"column":0},"end":{"line":5,"column":55}},"5":{"start":{"line":6,"column":0},"end":{"line":6,"column":19}},"6":{"start":{"line":7,"column":0},"end":{"line":7,"column":35}},"7":{"start":{"line":8,"column":0},"end":{"line":8,"column":50}},"8":{"start":{"line":9,"column":0},"end":{"line":9,"column":224}},"9":{"start":{"line":10,"column":0},"end":{"line":10,"column":8}},"10":{"start":{"line":11,"column":0},"end":{"line":11,"column":35}},"11":{"start":{"line":12,"column":0},"end":{"line":12,"column":11}},"13":{"start":{"line":14,"column":0},"end":{"line":14,"column":12}},"14":{"start":{"line":15,"column":0},"end":{"line":15,"column":11}},"16":{"start":{"line":17,"column":0},"end":{"line":17,"column":12}},"17":{"start":{"line":18,"column":0},"end":{"line":18,"column":12}},"18":{"start":{"line":19,"column":0},"end":{"line":19,"column":14}},"20":{"start":{"line":21,"column":0},"end":{"line":21,"column":1}}},"s":{"0":1,"2":1,"3":1,"4":1,"5":1,"6":1,"7":1,"8":1,"9":1,"10":1,"11":1,"13":1,"14":1,"16":1,"17":1,"18":1,"20":1},"branchMap":{"0":{"type":"branch","line":3,"loc":{"start":{"line":3,"column":7},"end":{"line":21,"column":1}},"locations":[{"start":{"line":3,"column":7},"end":{"line":21,"column":1}}]}},"b":{"0":[1]},"fnMap":{"0":{"name":"AboutPage","decl":{"start":{"line":3,"column":7},"end":{"line":21,"column":1}},"loc":{"start":{"line":3,"column":7},"end":{"line":21,"column":1}},"line":3}},"f":{"0":1}}
,"C:\\Users\\Admin\\source\\repos\\paradise-hotel-frontend\\src\\pages\\HomePage.tsx": {"path":"C:\\Users\\Admin\\source\\repos\\paradise-hotel-frontend\\src\\pages\\HomePage.tsx","all":false,"statementMap":{"0":{"start":{"line":1,"column":0},"end":{"line":1,"column":40}},"2":{"start":{"line":3,"column":0},"end":{"line":3,"column":28}},"3":{"start":{"line":4,"column":0},"end":{"line":4,"column":10}},"4":{"start":{"line":5,"column":0},"end":{"line":5,"column":6}},"5":{"start":{"line":6,"column":0},"end":{"line":6,"column":32}},"6":{"start":{"line":7,"column":0},"end":{"line":7,"column":45}},"7":{"start":{"line":8,"column":0},"end":{"line":8,"column":15}},"8":{"start":{"line":9,"column":0},"end":{"line":9,"column":53}},"9":{"start":{"line":10,"column":0},"end":{"line":10,"column":84}},"10":{"start":{"line":11,"column":0},"end":{"line":11,"column":37}},"12":{"start":{"line":13,"column":0},"end":{"line":13,"column":16}},"13":{"start":{"line":14,"column":0},"end":{"line":14,"column":42}},"14":{"start":{"line":15,"column":0},"end":{"line":15,"column":71}},"15":{"start":{"line":16,"column":0},"end":{"line":16,"column":83}},"16":{"start":{"line":17,"column":0},"end":{"line":17,"column":18}},"17":{"start":{"line":18,"column":0},"end":{"line":18,"column":16}},"18":{"start":{"line":19,"column":0},"end":{"line":19,"column":43}},"19":{"start":{"line":20,"column":0},"end":{"line":20,"column":47}},"20":{"start":{"line":21,"column":0},"end":{"line":21,"column":16}},"21":{"start":{"line":22,"column":0},"end":{"line":22,"column":58}},"22":{"start":{"line":23,"column":0},"end":{"line":23,"column":55}},"23":{"start":{"line":24,"column":0},"end":{"line":24,"column":45}},"24":{"start":{"line":25,"column":0},"end":{"line":25,"column":50}},"25":{"start":{"line":26,"column":0},"end":{"line":26,"column":49}},"26":{"start":{"line":27,"column":0},"end":{"line":27,"column":17}},"27":{"start":{"line":28,"column":0},"end":{"line":28,"column":16}},"28":{"start":{"line":29,"column":0},"end":{"line":29,"column":14}},"29":{"start":{"line":30,"column":0},"end":{"line":30,"column":16}},"31":{"start":{"line":32,"column":0},"end":{"line":32,"column":50}},"32":{"start":{"line":33,"column":0},"end":{"line":33,"column":31}},"33":{"start":{"line":34,"column":0},"end":{"line":34,"column":35}},"34":{"start":{"line":35,"column":0},"end":{"line":35,"column":114}},"35":{"start":{"line":36,"column":0},"end":{"line":36,"column":14}},"36":{"start":{"line":37,"column":0},"end":{"line":37,"column":31}},"37":{"start":{"line":38,"column":0},"end":{"line":38,"column":36}},"38":{"start":{"line":39,"column":0},"end":{"line":39,"column":100}},"39":{"start":{"line":40,"column":0},"end":{"line":40,"column":14}},"40":{"start":{"line":41,"column":0},"end":{"line":41,"column":31}},"41":{"start":{"line":42,"column":0},"end":{"line":42,"column":39}},"42":{"start":{"line":43,"column":0},"end":{"line":43,"column":107}},"43":{"start":{"line":44,"column":0},"end":{"line":44,"column":14}},"44":{"start":{"line":45,"column":0},"end":{"line":45,"column":16}},"45":{"start":{"line":46,"column":0},"end":{"line":46,"column":7}},"47":{"start":{"line":48,"column":0},"end":{"line":48,"column":1}}},"s":{"0":1,"2":1,"3":1,"4":1,"5":1,"6":1,"7":1,"8":1,"9":1,"10":1,"12":1,"13":1,"14":1,"15":1,"16":1,"17":1,"18":1,"19":1,"20":1,"21":1,"22":1,"23":1,"24":1,"25":1,"26":1,"27":1,"28":1,"29":1,"31":1,"32":1,"33":1,"34":1,"35":1,"36":1,"37":1,"38":1,"39":1,"40":1,"41":1,"42":1,"43":1,"44":1,"45":1,"47":1},"branchMap":{"0":{"type":"branch","line":3,"loc":{"start":{"line":3,"column":7},"end":{"line":48,"column":1}},"locations":[{"start":{"line":3,"column":7},"end":{"line":48,"column":1}}]}},"b":{"0":[1]},"fnMap":{"0":{"name":"HomePage","decl":{"start":{"line":3,"column":7},"end":{"line":48,"column":1}},"loc":{"start":{"line":3,"column":7},"end":{"line":48,"column":1}},"line":3}},"f":{"0":1}}
,"C:\\Users\\Admin\\source\\repos\\paradise-hotel-frontend\\src\\pages\\LoginPage.tsx": {"path":"C:\\Users\\Admin\\source\\repos\\paradise-hotel-frontend\\src\\pages\\LoginPage.tsx","all":false,"statementMap":{"0":{"start":{"line":1,"column":0},"end":{"line":1,"column":33}},"1":{"start":{"line":2,"column":0},"end":{"line":2,"column":66}},"2":{"start":{"line":3,"column":0},"end":{"line":3,"column":49}},"3":{"start":{"line":4,"column":0},"end":{"line":4,"column":55}},"4":{"start":{"line":5,"column":0},"end":{"line":5,"column":47}},"5":{"start":{"line":6,"column":0},"end":{"line":6,"column":61}},"7":{"start":{"line":8,"column":0},"end":{"line":8,"column":29}},"8":{"start":{"line":9,"column":0},"end":{"line":9,"column":30}},"9":{"start":{"line":10,"column":0},"end":{"line":10,"column":33}},"10":{"start":{"line":11,"column":0},"end":{"line":11,"column":33}},"11":{"start":{"line":12,"column":0},"end":{"line":12,"column":41}},"12":{"start":{"line":13,"column":0},"end":{"line":13,"column":47}},"13":{"start":{"line":14,"column":0},"end":{"line":14,"column":67}},"14":{"start":{"line":15,"column":0},"end":{"line":15,"column":53}},"15":{"start":{"line":16,"column":0},"end":{"line":16,"column":42}},"17":{"start":{"line":18,"column":0},"end":{"line":18,"column":52}},"18":{"start":{"line":19,"column":0},"end":{"line":19,"column":27}},"19":{"start":{"line":20,"column":0},"end":{"line":20,"column":61}},"20":{"start":{"line":21,"column":0},"end":{"line":21,"column":26}},"21":{"start":{"line":22,"column":0},"end":{"line":22,"column":51}},"23":{"start":{"line":24,"column":0},"end":{"line":24,"column":9}},"24":{"start":{"line":25,"column":0},"end":{"line":25,"column":20}},"25":{"start":{"line":26,"column":0},"end":{"line":26,"column":25}},"26":{"start":{"line":27,"column":0},"end":{"line":27,"column":39}},"27":{"start":{"line":28,"column":0},"end":{"line":28,"column":50}},"28":{"start":{"line":29,"column":0},"end":{"line":29,"column":21}},"29":{"start":{"line":30,"column":0},"end":{"line":30,"column":79}},"30":{"start":{"line":31,"column":0},"end":{"line":31,"column":15}},"31":{"start":{"line":32,"column":0},"end":{"line":32,"column":21}},"32":{"start":{"line":33,"column":0},"end":{"line":33,"column":5}},"33":{"start":{"line":34,"column":0},"end":{"line":34,"column":4}},"35":{"start":{"line":36,"column":0},"end":{"line":36,"column":10}},"36":{"start":{"line":37,"column":0},"end":{"line":37,"column":58}},"37":{"start":{"line":38,"column":0},"end":{"line":38,"column":11}},"38":{"start":{"line":39,"column":0},"end":{"line":39,"column":127}},"39":{"start":{"line":40,"column":0},"end":{"line":40,"column":12}},"40":{"start":{"line":41,"column":0},"end":{"line":41,"column":58}},"41":{"start":{"line":42,"column":0},"end":{"line":42,"column":56}},"42":{"start":{"line":43,"column":0},"end":{"line":43,"column":36}},"43":{"start":{"line":44,"column":0},"end":{"line":44,"column":46}},"44":{"start":{"line":45,"column":0},"end":{"line":45,"column":87}},"45":{"start":{"line":46,"column":0},"end":{"line":46,"column":81}},"46":{"start":{"line":47,"column":0},"end":{"line":47,"column":14}},"47":{"start":{"line":48,"column":0},"end":{"line":48,"column":36}},"48":{"start":{"line":49,"column":0},"end":{"line":49,"column":52}},"49":{"start":{"line":50,"column":0},"end":{"line":50,"column":112}},"50":{"start":{"line":51,"column":0},"end":{"line":51,"column":87}},"51":{"start":{"line":52,"column":0},"end":{"line":52,"column":14}},"52":{"start":{"line":53,"column":0},"end":{"line":53,"column":49}},"53":{"start":{"line":54,"column":0},"end":{"line":54,"column":96}},"54":{"start":{"line":55,"column":0},"end":{"line":55,"column":14}},"55":{"start":{"line":56,"column":0},"end":{"line":56,"column":103}},"56":{"start":{"line":57,"column":0},"end":{"line":57,"column":13}},"57":{"start":{"line":58,"column":0},"end":{"line":58,"column":14}},"59":{"start":{"line":60,"column":0},"end":{"line":60,"column":1}}},"s":{"0":1,"1":1,"2":1,"3":1,"4":1,"5":1,"7":1,"8":7,"9":7,"10":7,"11":7,"12":7,"13":7,"14":7,"15":7,"17":7,"18":2,"19":2,"20":2,"21":2,"23":1,"24":1,"25":1,"26":1,"27":2,"28":2,"29":0,"30":2,"31":1,"32":1,"33":2,"35":7,"36":7,"37":7,"38":7,"39":7,"40":7,"41":7,"42":7,"43":7,"44":7,"45":7,"46":7,"47":7,"48":7,"49":7,"50":7,"51":7,"52":7,"53":7,"54":7,"55":7,"56":7,"57":7,"59":7},"branchMap":{"0":{"type":"branch","line":8,"loc":{"start":{"line":8,"column":7},"end":{"line":60,"column":1}},"locations":[{"start":{"line":8,"column":7},"end":{"line":60,"column":1}}]},"1":{"type":"branch","line":42,"loc":{"start":{"line":42,"column":9},"end":{"line":42,"column":56}},"locations":[{"start":{"line":42,"column":9},"end":{"line":42,"column":56}}]},"2":{"type":"branch","line":46,"loc":{"start":{"line":46,"column":18},"end":{"line":46,"column":81}},"locations":[{"start":{"line":46,"column":18},"end":{"line":46,"column":81}}]},"3":{"type":"branch","line":51,"loc":{"start":{"line":51,"column":18},"end":{"line":51,"column":87}},"locations":[{"start":{"line":51,"column":18},"end":{"line":51,"column":87}}]},"4":{"type":"branch","line":54,"loc":{"start":{"line":54,"column":54},"end":{"line":54,"column":79}},"locations":[{"start":{"line":54,"column":54},"end":{"line":54,"column":79}}]},"5":{"type":"branch","line":54,"loc":{"start":{"line":54,"column":61},"end":{"line":54,"column":87}},"locations":[{"start":{"line":54,"column":61},"end":{"line":54,"column":87}}]},"6":{"type":"branch","line":18,"loc":{"start":{"line":18,"column":17},"end":{"line":34,"column":4}},"locations":[{"start":{"line":18,"column":17},"end":{"line":34,"column":4}}]},"7":{"type":"branch","line":22,"loc":{"start":{"line":22,"column":44},"end":{"line":28,"column":31}},"locations":[{"start":{"line":22,"column":44},"end":{"line":28,"column":31}}]},"8":{"type":"branch","line":28,"loc":{"start":{"line":28,"column":24},"end":{"line":28,"column":39}},"locations":[{"start":{"line":28,"column":24},"end":{"line":28,"column":39}}]},"9":{"type":"branch","line":28,"loc":{"start":{"line":28,"column":31},"end":{"line":28,"column":48}},"locations":[{"start":{"line":28,"column":31},"end":{"line":28,"column":48}}]},"10":{"type":"branch","line":29,"loc":{"start":{"line":29,"column":4},"end":{"line":31,"column":6}},"locations":[{"start":{"line":29,"column":4},"end":{"line":31,"column":6}}]},"11":{"type":"branch","line":31,"loc":{"start":{"line":31,"column":4},"end":{"line":33,"column":5}},"locations":[{"start":{"line":31,"column":4},"end":{"line":33,"column":5}}]},"12":{"type":"branch","line":45,"loc":{"start":{"line":45,"column":52},"end":{"line":45,"column":85}},"locations":[{"start":{"line":45,"column":52},"end":{"line":45,"column":85}}]},"13":{"type":"branch","line":50,"loc":{"start":{"line":50,"column":74},"end":{"line":50,"column":110}},"locations":[{"start":{"line":50,"column":74},"end":{"line":50,"column":110}}]}},"b":{"0":[7],"1":[0],"2":[1],"3":[1],"4":[1],"5":[6],"6":[2],"7":[1],"8":[0],"9":[1],"10":[0],"11":[1],"12":[1],"13":[1]},"fnMap":{"0":{"name":"LoginPage","decl":{"start":{"line":8,"column":7},"end":{"line":60,"column":1}},"loc":{"start":{"line":8,"column":7},"end":{"line":60,"column":1}},"line":8},"1":{"name":"submit","decl":{"start":{"line":18,"column":17},"end":{"line":34,"column":4}},"loc":{"start":{"line":18,"column":17},"end":{"line":34,"column":4}},"line":18},"2":{"name":"onChange","decl":{"start":{"line":45,"column":52},"end":{"line":45,"column":85}},"loc":{"start":{"line":45,"column":52},"end":{"line":45,"column":85}},"line":45},"3":{"name":"onChange","decl":{"start":{"line":50,"column":74},"end":{"line":50,"column":110}},"loc":{"start":{"line":50,"column":74},"end":{"line":50,"column":110}},"line":50}},"f":{"0":7,"1":2,"2":1,"3":1}}
,"C:\\Users\\Admin\\source\\repos\\paradise-hotel-frontend\\src\\pages\\MyReservationsPage.tsx": {"path":"C:\\Users\\Admin\\source\\repos\\paradise-hotel-frontend\\src\\pages\\MyReservationsPage.tsx","all":false,"statementMap":{"0":{"start":{"line":1,"column":0},"end":{"line":1,"column":44}},"1":{"start":{"line":2,"column":0},"end":{"line":2,"column":57}},"2":{"start":{"line":3,"column":0},"end":{"line":3,"column":77}},"3":{"start":{"line":4,"column":0},"end":{"line":4,"column":61}},"4":{"start":{"line":5,"column":0},"end":{"line":5,"column":47}},"5":{"start":{"line":6,"column":0},"end":{"line":6,"column":49}},"6":{"start":{"line":7,"column":0},"end":{"line":7,"column":48}},"9":{"start":{"line":10,"column":0},"end":{"line":10,"column":38}},"10":{"start":{"line":11,"column":0},"end":{"line":11,"column":70}},"11":{"start":{"line":12,"column":0},"end":{"line":12,"column":47}},"12":{"start":{"line":13,"column":0},"end":{"line":13,"column":41}},"13":{"start":{"line":14,"column":0},"end":{"line":14,"column":45}},"14":{"start":{"line":15,"column":0},"end":{"line":15,"column":60}},"16":{"start":{"line":17,"column":0},"end":{"line":17,"column":28}},"17":{"start":{"line":18,"column":0},"end":{"line":18,"column":9}},"18":{"start":{"line":19,"column":0},"end":{"line":19,"column":23}},"19":{"start":{"line":20,"column":0},"end":{"line":20,"column":48}},"20":{"start":{"line":21,"column":0},"end":{"line":21,"column":41}},"21":{"start":{"line":22,"column":0},"end":{"line":22,"column":24}},"22":{"start":{"line":23,"column":0},"end":{"line":23,"column":74}},"23":{"start":{"line":24,"column":0},"end":{"line":24,"column":15}},"24":{"start":{"line":25,"column":0},"end":{"line":25,"column":24}},"25":{"start":{"line":26,"column":0},"end":{"line":26,"column":5}},"26":{"start":{"line":27,"column":0},"end":{"line":27,"column":4}},"28":{"start":{"line":29,"column":0},"end":{"line":29,"column":19}},"29":{"start":{"line":30,"column":0},"end":{"line":30,"column":16}},"30":{"start":{"line":31,"column":0},"end":{"line":31,"column":9}},"32":{"start":{"line":33,"column":0},"end":{"line":33,"column":51}},"33":{"start":{"line":34,"column":0},"end":{"line":34,"column":9}},"34":{"start":{"line":35,"column":0},"end":{"line":35,"column":20}},"35":{"start":{"line":36,"column":0},"end":{"line":36,"column":21}},"36":{"start":{"line":37,"column":0},"end":{"line":37,"column":39}},"37":{"start":{"line":38,"column":0},"end":{"line":38,"column":56}},"38":{"start":{"line":39,"column":0},"end":{"line":39,"column":19}},"39":{"start":{"line":40,"column":0},"end":{"line":40,"column":24}},"40":{"start":{"line":41,"column":0},"end":{"line":41,"column":75}},"41":{"start":{"line":42,"column":0},"end":{"line":42,"column":15}},"42":{"start":{"line":43,"column":0},"end":{"line":43,"column":22}},"43":{"start":{"line":44,"column":0},"end":{"line":44,"column":5}},"44":{"start":{"line":45,"column":0},"end":{"line":45,"column":4}},"46":{"start":{"line":47,"column":0},"end":{"line":47,"column":10}},"47":{"start":{"line":48,"column":0},"end":{"line":48,"column":48}},"48":{"start":{"line":49,"column":0},"end":{"line":49,"column":166}},"49":{"start":{"line":50,"column":0},"end":{"line":50,"column":42}},"50":{"start":{"line":51,"column":0},"end":{"line":51,"column":61}},"51":{"start":{"line":52,"column":0},"end":{"line":52,"column":18}},"52":{"start":{"line":53,"column":0},"end":{"line":53,"column":49}},"53":{"start":{"line":54,"column":0},"end":{"line":54,"column":39}},"54":{"start":{"line":55,"column":0},"end":{"line":55,"column":70}},"56":{"start":{"line":57,"column":0},"end":{"line":57,"column":38}},"57":{"start":{"line":58,"column":0},"end":{"line":58,"column":46}},"58":{"start":{"line":59,"column":0},"end":{"line":59,"column":144}},"59":{"start":{"line":60,"column":0},"end":{"line":60,"column":13}},"60":{"start":{"line":61,"column":0},"end":{"line":61,"column":14}},"62":{"start":{"line":63,"column":0},"end":{"line":63,"column":14}},"64":{"start":{"line":65,"column":0},"end":{"line":65,"column":1}}},"s":{"0":1,"1":1,"2":1,"3":1,"4":1,"5":1,"6":1,"9":1,"10":10,"11":10,"12":10,"13":10,"14":10,"16":10,"17":4,"18":4,"19":4,"20":4,"21":4,"22":0,"23":4,"24":4,"25":4,"26":4,"28":10,"29":3,"30":10,"32":10,"33":1,"34":1,"35":1,"36":1,"37":1,"38":1,"39":1,"40":0,"41":1,"42":1,"43":1,"44":1,"46":10,"47":10,"48":10,"49":10,"50":10,"51":10,"52":4,"53":6,"54":1,"56":5,"57":5,"58":5,"59":5,"60":5,"62":10,"64":10},"branchMap":{"0":{"type":"branch","line":10,"loc":{"start":{"line":10,"column":7},"end":{"line":65,"column":1}},"locations":[{"start":{"line":10,"column":7},"end":{"line":65,"column":1}}]},"1":{"type":"branch","line":50,"loc":{"start":{"line":50,"column":7},"end":{"line":50,"column":42}},"locations":[{"start":{"line":50,"column":7},"end":{"line":50,"column":42}}]},"2":{"type":"branch","line":51,"loc":{"start":{"line":51,"column":7},"end":{"line":51,"column":61}},"locations":[{"start":{"line":51,"column":7},"end":{"line":51,"column":61}}]},"3":{"type":"branch","line":52,"loc":{"start":{"line":52,"column":7},"end":{"line":53,"column":49}},"locations":[{"start":{"line":52,"column":7},"end":{"line":53,"column":49}}]},"4":{"type":"branch","line":53,"loc":{"start":{"line":53,"column":47},"end":{"line":61,"column":14}},"locations":[{"start":{"line":53,"column":47},"end":{"line":61,"column":14}}]},"5":{"type":"branch","line":54,"loc":{"start":{"line":54,"column":34},"end":{"line":55,"column":70}},"locations":[{"start":{"line":54,"column":34},"end":{"line":55,"column":70}}]},"6":{"type":"branch","line":55,"loc":{"start":{"line":55,"column":64},"end":{"line":61,"column":14}},"locations":[{"start":{"line":55,"column":64},"end":{"line":61,"column":14}}]},"7":{"type":"branch","line":17,"loc":{"start":{"line":17,"column":15},"end":{"line":27,"column":4}},"locations":[{"start":{"line":17,"column":15},"end":{"line":27,"column":4}}]},"8":{"type":"branch","line":22,"loc":{"start":{"line":22,"column":4},"end":{"line":24,"column":6}},"locations":[{"start":{"line":22,"column":4},"end":{"line":24,"column":6}}]},"9":{"type":"branch","line":29,"loc":{"start":{"line":29,"column":12},"end":{"line":31,"column":5}},"locations":[{"start":{"line":29,"column":12},"end":{"line":31,"column":5}}]},"10":{"type":"branch","line":33,"loc":{"start":{"line":33,"column":28},"end":{"line":45,"column":4}},"locations":[{"start":{"line":33,"column":28},"end":{"line":45,"column":4}}]},"11":{"type":"branch","line":40,"loc":{"start":{"line":40,"column":4},"end":{"line":42,"column":6}},"locations":[{"start":{"line":40,"column":4},"end":{"line":42,"column":6}}]},"12":{"type":"branch","line":58,"loc":{"start":{"line":58,"column":28},"end":{"line":59,"column":144}},"locations":[{"start":{"line":58,"column":28},"end":{"line":59,"column":144}}]}},"b":{"0":[10],"1":[0],"2":[3],"3":[4],"4":[6],"5":[1],"6":[5],"7":[4],"8":[0
[...]
rt":{"line":18,"column":0},"end":{"line":18,"column":51}},"18":{"start":{"line":19,"column":0},"end":{"line":19,"column":43}},"19":{"start":{"line":20,"column":0},"end":{"line":20,"column":26}},"20":{"start":{"line":21,"column":0},"end":{"line":21,"column":76}},"21":{"start":{"line":22,"column":0},"end":{"line":22,"column":17}},"22":{"start":{"line":23,"column":0},"end":{"line":23,"column":26}},"23":{"start":{"line":24,"column":0},"end":{"line":24,"column":7}},"24":{"start":{"line":25,"column":0},"end":{"line":25,"column":6}},"25":{"start":{"line":26,"column":0},"end":{"line":26,"column":16}},"26":{"start":{"line":27,"column":0},"end":{"line":27,"column":9}},"28":{"start":{"line":29,"column":0},"end":{"line":29,"column":10}},"29":{"start":{"line":30,"column":0},"end":{"line":30,"column":48}},"30":{"start":{"line":31,"column":0},"end":{"line":31,"column":150}},"31":{"start":{"line":32,"column":0},"end":{"line":32,"column":42}},"32":{"start":{"line":33,"column":0},"end":{"line":33,"column":18}},"33":{"start":{"line":34,"column":0},"end":{"line":34,"column":49}},"35":{"start":{"line":36,"column":0},"end":{"line":36,"column":42}},"36":{"start":{"line":37,"column":0},"end":{"line":37,"column":17}},"37":{"start":{"line":38,"column":0},"end":{"line":38,"column":19}},"38":{"start":{"line":39,"column":0},"end":{"line":39,"column":18}},"39":{"start":{"line":40,"column":0},"end":{"line":40,"column":27}},"40":{"start":{"line":41,"column":0},"end":{"line":41,"column":30}},"41":{"start":{"line":42,"column":0},"end":{"line":42,"column":30}},"42":{"start":{"line":43,"column":0},"end":{"line":43,"column":29}},"43":{"start":{"line":44,"column":0},"end":{"line":44,"column":33}},"44":{"start":{"line":45,"column":0},"end":{"line":45,"column":30}},"45":{"start":{"line":46,"column":0},"end":{"line":46,"column":31}},"46":{"start":{"line":47,"column":0},"end":{"line":47,"column":31}},"47":{"start":{"line":48,"column":0},"end":{"line":48,"column":19}},"48":{"start":{"line":49,"column":0},"end":{"line":49,"column":20}},"49":{"start":{"line":50,"column":0},"end":{"line":50,"column":19}},"50":{"start":{"line":51,"column":0},"end":{"line":51,"column":50}},"51":{"start":{"line":52,"column":0},"end":{"line":52,"column":41}},"52":{"start":{"line":53,"column":0},"end":{"line":53,"column":43}},"53":{"start":{"line":54,"column":0},"end":{"line":54,"column":50}},"54":{"start":{"line":55,"column":0},"end":{"line":55,"column":51}},"55":{"start":{"line":56,"column":0},"end":{"line":56,"column":49}},"56":{"start":{"line":57,"column":0},"end":{"line":57,"column":81}},"57":{"start":{"line":58,"column":0},"end":{"line":58,"column":101}},"58":{"start":{"line":59,"column":0},"end":{"line":59,"column":47}},"59":{"start":{"line":60,"column":0},"end":{"line":60,"column":108}},"60":{"start":{"line":61,"column":0},"end":{"line":61,"column":21}},"61":{"start":{"line":62,"column":0},"end":{"line":62,"column":17}},"62":{"start":{"line":63,"column":0},"end":{"line":63,"column":20}},"63":{"start":{"line":64,"column":0},"end":{"line":64,"column":18}},"64":{"start":{"line":65,"column":0},"end":{"line":65,"column":14}},"66":{"start":{"line":67,"column":0},"end":{"line":67,"column":14}},"68":{"start":{"line":69,"column":0},"end":{"line":69,"column":1}}},"s":{"0":1,"1":1,"2":1,"3":1,"4":1,"5":1,"6":1,"9":1,"10":3,"11":3,"12":3,"14":3,"15":3,"16":3,"17":3,"18":0,"19":3,"20":3,"21":3,"22":3,"23":3,"24":3,"25":3,"26":3,"28":3,"29":3,"30":3,"31":3,"32":3,"33":3,"35":0,"36":0,"37":0,"38":0,"39":0,"40":0,"41":0,"42":0,"43":0,"44":0,"45":0,"46":0,"47":0,"48":0,"49":0,"50":0,"51":0,"52":0,"53":0,"54":0,"55":0,"56":0,"57":0,"58":0,"59":0,"60":0,"61":0,"62":0,"63":0,"64":0,"66":3,"68":3},"branchMap":{"0":{"type":"branch","line":10,"loc":{"start":{"line":10,"column":7},"end":{"line":69,"column":1}},"locations":[{"start":{"line":10,"column":7},"end":{"line":69,"column":1}}]},"1":{"type":"branch","line":32,"loc":{"start":{"line":32,"column":7},"end":{"line":32,"column":42}},"locations":[{"start":{"line":32,"column":7},"end":{"line":32,"column":42}}]},"2":{"type":"branch","line":34,"loc":{"start":{"line":34,"column":47},"end":{"line":65,"column":14}},"locations":[{"start":{"line":34,"column":47},"end":{"line":65,"column":14}}]},"3":{"type":"branch","line":15,"loc":{"start":{"line":15,"column":12},"end":{"line":27,"column":5}},"locations":[{"start":{"line":15,"column":12},"end":{"line":27,"column":5}}]},"4":{"type":"branch","line":16,"loc":{"start":{"line":16,"column":17},"end":{"line":25,"column":6}},"locations":[{"start":{"line":16,"column":17},"end":{"line":25,"column":6}}]},"5":{"type":"branch","line":18,"loc":{"start":{"line":18,"column":49},"end":{"line":20,"column":15}},"locations":[{"start":{"line":18,"column":49},"end":{"line":20,"column":15}}]}},"b":{"0":[3],"1":[0],"2":[0],"3":[3],"4":[3],"5":[0]},"fnMap":{"0":{"name":"AdminReservationsPage","decl":{"start":{"line":10,"column":7},"end":{"line":69,"column":1}},"loc":{"start":{"line":10,"column":7},"end":{"line":69,"column":1}},"line":10},"1":{"name":"load","decl":{"start":{"line":16,"column":17},"end":{"line":25,"column":6}},"loc":{"start":{"line":16,"column":17},"end":{"line":25,"column":6}},"line":16}},"f":{"0":3,"1":3}}
,"C:\\Users\\Admin\\source\\repos\\paradise-hotel-frontend\\src\\types\\admin.ts": {"path":"C:\\Users\\Admin\\source\\repos\\paradise-hotel-frontend\\src\\types\\admin.ts","all":true,"statementMap":{},"s":{},"branchMap":{"0":{"type":"branch","line":1,"loc":{"start":{"line":1,"column":559},"end":{"line":22,"column":1}},"locations":[{"start":{"line":1,"column":559},"end":{"line":22,"column":1}}]}},"b":{"0":[1]},"fnMap":{"0":{"name":"(empty-report)","decl":{"start":{"line":1,"column":559},"end":{"line":22,"column":1}},"loc":{"start":{"line":1,"column":559},"end":{"line":22,"column":1}},"line":1}},"f":{"0":1}}
,"C:\\Users\\Admin\\source\\repos\\paradise-hotel-frontend\\src\\types\\auth.ts": {"path":"C:\\Users\\Admin\\source\\repos\\paradise-hotel-frontend\\src\\types\\auth.ts","all":true,"statementMap":{},"s":{},"branchMap":{"0":{"type":"branch","line":1,"loc":{"start":{"line":1,"column":354},"end":{"line":24,"column":1}},"locations":[{"start":{"line":1,"column":354},"end":{"line":24,"column":1}}]}},"b":{"0":[1]},"fnMap":{"0":{"name":"(empty-report)","decl":{"start":{"line":1,"column":354},"end":{"line":24,"column":1}},"loc":{"start":{"line":1,"column":354},"end":{"line":24,"column":1}},"line":1}},"f":{"0":1}}
,"C:\\Users\\Admin\\source\\repos\\paradise-hotel-frontend\\src\\types\\location.ts": {"path":"C:\\Users\\Admin\\source\\repos\\paradise-hotel-frontend\\src\\types\\location.ts","all":true,"statementMap":{},"s":{},"branchMap":{"0":{"type":"branch","line":1,"loc":{"start":{"line":1,"column":442},"end":{"line":23,"column":1}},"locations":[{"start":{"line":1,"column":442},"end":{"line":23,"column":1}}]}},"b":{"0":[1]},"fnMap":{"0":{"name":"(empty-report)","decl":{"start":{"line":1,"column":442},"end":{"line":23,"column":1}},"loc":{"start":{"line":1,"column":442},"end":{"line":23,"column":1}},"line":1}},"f":{"0":1}}
,"C:\\Users\\Admin\\source\\repos\\paradise-hotel-frontend\\src\\types\\reservation.ts": {"path":"C:\\Users\\Admin\\source\\repos\\paradise-hotel-frontend\\src\\types\\reservation.ts","all":true,"statementMap":{},"s":{},"branchMap":{"0":{"type":"branch","line":1,"loc":{"start":{"line":1,"column":408},"end":{"line":21,"column":1}},"locations":[{"start":{"line":1,"column":408},"end":{"line":21,"column":1}}]}},"b":{"0":[1]},"fnMap":{"0":{"name":"(empty-report)","decl":{"start":{"line":1,"column":408},"end":{"line":21,"column":1}},"loc":{"start":{"line":1,"column":408},"end":{"line":21,"column":1}},"line":1}},"f":{"0":1}}
,"C:\\Users\\Admin\\source\\repos\\paradise-hotel-frontend\\src\\types\\room.ts": {"path":"C:\\Users\\Admin\\source\\repos\\paradise-hotel-frontend\\src\\types\\room.ts","all":true,"statementMap":{},"s":{},"branchMap":{"0":{"type":"branch","line":1,"loc":{"start":{"line":1,"column":454},"end":{"line":24,"column":1}},"locations":[{"start":{"line":1,"column":454},"end":{"line":24,"column":1}}]}},"b":{"0":[1]},"fnMap":{"0":{"name":"(empty-report)","decl":{"start":{"line":1,"column":454},"end":{"line":24,"column":1}},"loc":{"start":{"line":1,"column":454},"end":{"line":24,"column":1}},"line":1}},"f":{"0":1}}
,"C:\\Users\\Admin\\source\\repos\\paradise-hotel-frontend\\src\\utils\\format.ts": {"path":"C:\\Users\\Admin\\source\\repos\\paradise-hotel-frontend\\src\\utils\\format.ts","all":false,"statementMap":{"0":{"start":{"line":1,"column":0},"end":{"line":1,"column":42}},"1":{"start":{"line":2,"column":0},"end":{"line":2,"column":87}},"3":{"start":{"line":4,"column":0},"end":{"line":4,"column":46}},"4":{"start":{"line":5,"column":0},"end":{"line":5,"column":61}},"5":{"start":{"line":6,"column":0},"end":{"line":6,"column":20}},"6":{"start":{"line":7,"column":0},"end":{"line":7,"column":19}},"7":{"start":{"line":8,"column":0},"end":{"line":8,"column":19}},"8":{"start":{"line":9,"column":0},"end":{"line":9,"column":5}}},"s":{"0":1,"1":1,"3":1,"4":10,"5":10,"6":10,"7":10,"8":10},"branchMap":{"0":{"type":"branch","line":1,"loc":{"start":{"line":1,"column":24},"end":{"line":2,"column":87}},"locations":[{"start":{"line":1,"column":24},"end":{"line":2,"column":87}}]},"1":{"type":"branch","line":4,"loc":{"start":{"line":4,"column":28},"end":{"line":9,"column":5}},"locations":[{"start":{"line":4,"column":28},"end":{"line":9,"column":5}}]}},"b":{"0":[1],"1":[10]},"fnMap":{"0":{"name":"currency","decl":{"start":{"line":1,"column":24},"end":{"line":2,"column":87}},"loc":{"start":{"line":1,"column":24},"end":{"line":2,"column":87}},"line":1},"1":{"name":"readableDate","decl":{"start":{"line":4,"column":28},"end":{"line":9,"column":5}},"loc":{"start":{"line":4,"column":28},"end":{"line":9,"column":5}},"line":4}},"f":{"0":1,"1":10}}
,"C:\\Users\\Admin\\source\\repos\\paradise-hotel-frontend\\src\\utils\\http.ts": {"path":"C:\\Users\\Admin\\source\\repos\\paradise-hotel-frontend\\src\\utils\\http.ts","all":false,"statementMap":{"0":{"start":{"line":1,"column":0},"end":{"line":1,"column":26}},"2":{"start":{"line":3,"column":0},"end":{"line":3,"column":85}},"3":{"start":{"line":4,"column":0},"end":{"line":4,"column":34}},"4":{"start":{"line":5,"column":0},"end":{"line":5,"column":53}},"5":{"start":{"line":6,"column":0},"end":{"line":6,"column":3}},"6":{"start":{"line":7,"column":0},"end":{"line":7,"column":31}},"7":{"start":{"line":8,"column":0},"end":{"line":8,"column":25}},"8":{"start":{"line":9,"column":0},"end":{"line":9,"column":3}},"9":{"start":{"line":10,"column":0},"end":{"line":10,"column":18}},"10":{"start":{"line":11,"column":0},"end":{"line":11,"column":1}}},"s":{"0":1,"2":1,"3":9,"4":9,"5":9,"6":0,"7":0,"8":0,"9":0,"10":0},"branchMap":{"0":{"type":"branch","line":3,"loc":{"start":{"line":3,"column":7},"end":{"line":11,"column":1}},"locations":[{"start":{"line":3,"column":7},"end":{"line":11,"column":1}}]},"1":{"type":"branch","line":5,"loc":{"start":{"line":5,"column":17},"end":{"line":5,"column":44}},"locations":[{"start":{"line":5,"column":17},"end":{"line":5,"column":44}}]},"2":{"type":"branch","line":6,"loc":{"start":{"line":6,"column":2},"end":{"line":11,"column":1}},"locations":[{"start":{"line":6,"column":2},"end":{"line":11,"column":1}}]}},"b":{"0":[9],"1":[0],"2":[0]},"fnMap":{"0":{"name":"getErrorMessage","decl":{"start":{"line":3,"column":7},"end":{"line":11,"column":1}},"loc":{"start":{"line":3,"column":7},"end":{"line":11,"column":1}},"line":3}},"f":{"0":9}}
,"C:\\Users\\Admin\\source\\repos\\paradise-hotel-frontend\\src\\utils\\storage.ts": {"path":"C:\\Users\\Admin\\source\\repos\\paradise-hotel-frontend\\src\\utils\\storage.ts","all":false,"statementMap":{"2":{"start":{"line":3,"column":0},"end":{"line":3,"column":35}},"3":{"start":{"line":4,"column":0},"end":{"line":4,"column":33}},"5":{"start":{"line":6,"column":0},"end":{"line":6,"column":24}},"6":{"start":{"line":7,"column":0},"end":{"line":7,"column":14}},"7":{"start":{"line":8,"column":0},"end":{"line":8,"column":43}},"8":{"start":{"line":9,"column":0},"end":{"line":9,"column":4}},"9":{"start":{"line":10,"column":0},"end":{"line":10,"column":27}},"10":{"start":{"line":11,"column":0},"end":{"line":11,"column":43}},"11":{"start":{"line":12,"column":0},"end":{"line":12,"column":4}},"12":{"start":{"line":13,"column":0},"end":{"line":13,"column":26}},"13":{"start":{"line":14,"column":0},"end":{"line":14,"column":47}},"14":{"start":{"line":15,"column":0},"end":{"line":15,"column":50}},"15":{"start":{"line":16,"column":0},"end":{"line":16,"column":4}},"16":{"start":{"line":17,"column":0},"end":{"line":17,"column":23}},"17":{"start":{"line":18,"column":0},"end":{"line":18,"column":57}},"18":{"start":{"line":19,"column":0},"end":{"line":19,"column":4}},"19":{"start":{"line":20,"column":0},"end":{"line":20,"column":11}},"20":{"start":{"line":21,"column":0},"end":{"line":21,"column":39}},"21":{"start":{"line":22,"column":0},"end":{"line":22,"column":38}},"22":{"start":{"line":23,"column":0},"end":{"line":23,"column":4}},"23":{"start":{"line":24,"column":0},"end":{"line":24,"column":2}}},"s":{"2":1,"3":1,"5":1,"6":1,"7":9,"8":9,"9":1,"10":0,"11":0,"12":1,"13":0,"14":0,"15":0,"16":1,"17":0,"18":0,"19":1,"20":0,"21":0,"22":0,"23":1},"branchMap":{"0":{"type":"branch","line":7,"loc":{"start":{"line":7,"column":2},"end":{"line":9,"column":4}},"locations":[{"start":{"line":7,"column":2},"end":{"line":9,"column":4}}]}},"b":{"0":[9]},"fnMap":{"0":{"name":"getToken","decl":{"start":{"line":7,"column":2},"end":{"line":9,"column":4}},"loc":{"start":{"line":7,"column":2},"end":{"line":9,"column":4}},"line":7},"1":{"name":"setToken","decl":{"start":{"line":10,"column":2},"end":{"line":12,"column":4}},"loc":{"start":{"line":10,"column":2},"end":{"line":12,"column":4}},"line":10},"2":{"name":"getUser","decl":{"start":{"line":13,"column":2},"end":{"line":16,"column":4}},"loc":{"start":{"line":13,"column":2},"end":{"line":16,"column":4}},"line":13},"3":{"name":"setUser","decl":{"start":{"line":17,"column":2},"end":{"line":19,"column":4}},"loc":{"start":{"line":17,"column":2},"end":{"line":19,"column":4}},"line":17},"4":{"name":"clear","decl":{"start":{"line":20,"column":2},"end":{"line":23,"column":4}},"loc":{"start":{"line":20,"column":2},"end":{"line":23,"column":4}},"line":20}},"f":{"0":9,"1":0,"2":0,"3":0,"4":0}}
,"C:\\Users\\Admin\\source\\repos\\paradise-hotel-frontend\\src\\utils\\validation.ts": {"path":"C:\\Users\\Admin\\source\\repos\\paradise-hotel-frontend\\src\\utils\\validation.ts","all":false,"statementMap":{"0":{"start":{"line":1,"column":0},"end":{"line":1,"column":46}},"1":{"start":{"line":2,"column":0},"end":{"line":2,"column":36}},"2":{"start":{"line":3,"column":0},"end":{"line":3,"column":1}},"4":{"start":{"line":5,"column":0},"end":{"line":5,"column":102}},"5":{"start":{"line":6,"column":0},"end":{"line":6,"column":44}},"7":{"start":{"line":8,"column":0},"end":{"line":8,"column":36}},"8":{"start":{"line":9,"column":0},"end":{"line":9,"column":38}},"9":{"start":{"line":10,"column":0},"end":{"line":10,"column":3}},"10":{"start":{"line":11,"column":0},"end":{"line":11,"column":22}},"11":{"start":{"line":12,"column":0},"end":{"line":12,"column":40}},"12":{"start":{"line":13,"column":0},"end":{"line":13,"column":37}},"13":{"start":{"line":14,"column":0},"end":{"line":14,"column":50}},"14":{"start":{"line":15,"column":0},"end":{"line":15,"column":3}},"15":{"start":{"line":16,"column":0},"end":{"line":16,"column":25}},"16":{"start":{"line":17,"column":0},"end":{"line":17,"column":46}},"17":{"start":{"line":18,"column":0},"end":{"line":18,"column":35}},"18":{"start":{"line":19,"column":0},"end":{"line":19,"column":64}},"19":{"start":{"line":20,"column":0},"end":{"line":20,"column":3}},"21":{"start":{"line":22,"column":0},"end":{"line":22,"column":16}},"22":{"start":{"line":23,"column":0},"end":{"line":23,"column":1}},"24":{"start":{"line":25,"column":0},"end":{"line":25,"column":72}},"25":{"start":{"line":26,"column":0},"end":{"line":26,"column":44}},"26":{"start":{"line":27,"column":0},"end":{"line":27,"column":17}},"27":{"start":{"line":28,"column":0},"end":{"line":28,"column":50}},"28":{"start":{"line":29,"column":0},"end":{"line":29,"column":3}},"29":{"start":{"line":30,"column":0},"end":{"line":30,"column":18}},"30":{"start":{"line":31,"column":0},"end":{"line":31,"column":52}},"31":{"start":{"line":32,"column":0},"end":{"line":32,"column":3}},"32":{"start":{"line":33,"column":0},"end":{"line":33,"column":51}},"33":{"start":{"line":34,"column":0},"end":{"line":34,"column":63}},"34":{"start":{"line":35,"column":0},"end":{"line":35,"column":3}},"35":{"start":{"line":36,"column":0},"end":{"line":36,"column":16}},"36":{"start":{"line":37,"column":0},"end":{"line":37,"column":1}}},"s":{"0":1,"1":3,"2":3,"4":1,"5":5,"7":5,"8":2,"9":2,"10":5,"11":2,"12":3,"13":1,"14":1,"15":5,"16":2,"17":3,"18":1,"19":1,"21":5,"22":5,"24":1,"25":2,"26":2,"27":0,"28":0,"29":2,"30":0,"31":0,"32":2,"33":2,"34":2,"35":2,"36":2},"branchMap":{"0":{"type":"branch","line":1,"loc":{"start":{"line":1,"column":7},"end":{"line":3,"column":1}},"locations":[{"start":{"line":1,"column":7},"end":{"line":3,"column":1}}]},"1":{"type":"branch","line":5,"loc":{"start":{"line":5,"column":7},"end":{"line":23,"column":1}},"locations":[{"start":{"line":5,"column":7},"end":{"line":23,"column":1}}]},"2":{"type":"branch","line":8,"loc":{"start":{"line":8,"column":6},"end":{"line":8,"column":35}},"locations":[{"start":{"line":8,"column":6},"end":{"line":8,"column":35}}]},"3":{"type":"branch","line":8,"loc":{"start":{"line":8,"column":35},"end":{"line":10,"column":3}},"locations":[{"start":{"line":8,"column":35},"end":{"line":10,"column":3}}]},"4":{"type":"branch","line":11,"loc":{"start":{"line":11,"column":21},"end":{"line":15,"column":3}},"locations":[{"start":{"line":11,"column":21},"end":{"line":15,"column":3}}]},"5":{"type":"branch","line":11,"loc":{"start":{"line":11,"column":21},"end":{"line":13,"column":13}},"locations":[{"start":{"line":11,"column":21},"end":{"line":13,"column":13}}]},"6":{"type":"branch","line":13,"loc":{"start":{"line":13,"column":36},"end":{"line":15,"column":3}},"locations":[{"start":{"line":13,"column":36},"end":{"line":15,"column":3}}]},"7":{"type":"branch","line":16,"loc":{"start":{"line":16,"column":24},"end":{"line":20,"column":3}},"locations":[{"start":{"line":16,"column":24},"end":{"line":20,"column":3}}]},"8":{"type":"branch","line":16,"loc":{"start":{"line":16,"column":24},"end":{"line":18,"column":13}},"locations":[{"start":{"line":16,"column":24},"end":{"line":18,"column":13}}]},"9":{"type":"branch","line":18,"loc":{"start":{"line":18,"column":34},"end":{"line":20,"column":3}},"locations":[{"start":{"line":18,"column":34},"end":{"line":20,"column":3}}]},"10":{"type":"branch","line":25,"loc":{"start":{"line":25,"column":7},"end":{"line":37,"column":1}},"locations":[{"start":{"line":25,"column":7},"end":{"line":37,"column":1}}]},"11":{"type":"branch","line":27,"loc":{"start":{"line":27,"column":16},"end":{"line":29,"column":3}},"locations":[{"start":{"line":27,"column":16},"end":{"line":29,"column":3}}]},"12":{"type":"branch","line":30,"loc":{"start":{"line":30,"column":17},"end":{"line":32,"column":3}},"locations":[{"start":{"line":30,"column":17},"end":{"line":32,"column":3}}]}},"b":{"0":[3],"1":[5],"2":[3],"3":[2],"4":[3],"5":[2],"6":[1],"7":[3],"8":[2],"9":[1],"10":[2],"11":[0],"12":[0]},"fnMap":{"0":{"name":"validateEmail","decl":{"start":{"line":1,"column":7},"end":{"line":3,"column":1}},"loc":{"start":{"line":1,"column":7},"end":{"line":3,"column":1}},"line":1},"1":{"name":"validateAuthForm","decl":{"start":{"line":5,"column":7},"end":{"line":23,"column":1}},"loc":{"start":{"line":5,"column":7},"end":{"line":23,"column":1}},"line":5},"2":{"name":"validateSearchDates","decl":{"start":{"line":25,"column":7},"end":{"line":37,"column":1}},"loc":{"start":{"line":25,"column":7},"end":{"line":37,"column":1}},"line":25}},"f":{"0":3,"1":5,"2":2}}
}
